0,1,0,1,0, -  1588707487240mS since epoch
0,1,0,1,0, -  1588707488287mS since epoch
0,1,0,1,0, -  1588707489338mS since epoch
0,1,0,1,0, -  1588707490376mS since epoch
0,1,0,1,0, -  1588707491434mS since epoch
0,1,0,1,0, -  1588707492482mS since epoch
0,1,0,1,0, -  1588707493526mS since epoch
0,1,0,1,0, -  1588707494571mS since epoch
0,1,0,1,0, -  1588707495604mS since epoch
0,1,0,1,0, -  1588707496647mS since epoch
0,1,0,1,0, -  1588707497689mS since epoch
0,1,0,1,0, -  1588707498734mS since epoch
0,1,0,1,0, -  1588707499776mS since epoch
0,1,0,1,0, -  1588707500815mS since epoch
1,1,0,1,0, -  1588707501852mS since epoch
1,1,1,1,0, -  1588707502893mS since epoch
1,2,1,1,1, -  1588707503936mS since epoch
2,2,2,2,2, -  1588707504978mS since epoch
4,4,3,4,3, -  1588707506021mS since epoch
7,7,7,7,6, -  1588707507062mS since epoch
8,8,8,8,8, -  1588707508105mS since epoch
8,8,8,8,8, -  1588707509149mS since epoch
8,8,8,8,8, -  1588707510190mS since epoch
8,8,8,8,8, -  1588707511228mS since epoch
8,8,8,8,8, -  1588707512277mS since epoch
8,8,8,8,8, -  1588707513327mS since epoch
8,8,8,8,8, -  1588707514372mS since epoch
8,8,8,8,8, -  1588707515419mS since epoch
8,8,8,8,8, -  1588707516466mS since epoch
8,8,8,8,8, -  1588707517532mS since epoch
8,8,8,8,8, -  1588707518576mS since epoch
8,8,8,8,8, -  1588707519622mS since epoch
8,8,8,8,8, -  1588707520668mS since epoch
8,8,8,8,8, -  1588707521715mS since epoch
8,8,8,8,8, -  1588707522758mS since epoch
8,8,8,8,8, -  1588707523801mS since epoch
8,8,8,8,8, -  1588707524840mS since epoch
8,8,8,8,8, -  1588707525882mS since epoch
8,8,8,8,8, -  1588707526925mS since epoch
8,8,8,8,8, -  1588707527970mS since epoch
8,8,8,8,8, -  1588707529018mS since epoch
8,8,8,8,8, -  1588707530073mS since epoch
8,8,8,8,8, -  1588707531122mS since epoch
8,8,8,8,8, -  1588707532166mS since epoch
8,8,8,8,8, -  1588707533211mS since epoch
8,8,8,8,8, -  1588707534252mS since epoch
8,8,8,8,8, -  1588707535301mS since epoch
8,8,8,8,8, -  1588707536341mS since epoch
8,8,8,8,8, -  1588707537380mS since epoch
8,8,8,8,8, -  1588707538425mS since epoch
8,8,8,8,8, -  1588707539475mS since epoch
8,8,8,8,8, -  1588707540513mS since epoch
8,8,8,8,8, -  1588707541558mS since epoch
8,8,8,8,8, -  1588707542598mS since epoch
8,8,8,8,8, -  1588707543635mS since epoch
8,8,8,8,8, -  1588707544681mS since epoch
8,8,8,8,8, -  1588707545723mS since epoch
8,8,8,8,8, -  1588707546762mS since epoch
8,8,8,8,8, -  1588707547804mS since epoch
8,8,8,8,8, -  1588707548844mS since epoch
8,8,8,8,8, -  1588707549892mS since epoch
8,8,8,8,8, -  1588707550934mS since epoch
8,8,8,8,8, -  1588707551975mS since epoch
8,8,8,8,8, -  1588707553033mS since epoch
8,8,8,8,8, -  1588707554083mS since epoch
8,8,8,8,8, -  1588707555117mS since epoch
8,8,8,8,8, -  1588707556163mS since epoch
8,8,8,8,8, -  1588707557207mS since epoch
8,8,8,8,8, -  1588707558253mS since epoch
8,8,8,8,8, -  1588707559301mS since epoch
8,8,8,8,8, -  1588707560336mS since epoch
8,8,8,8,8, -  1588707561376mS since epoch
8,8,8,8,8, -  1588707562419mS since epoch
8,8,8,8,8, -  1588707563457mS since epoch
8,8,8,8,8, -  1588707564493mS since epoch
8,8,8,8,8, -  1588707565537mS since epoch
8,8,8,8,8, -  1588707566580mS since epoch
8,8,8,8,8, -  1588707567616mS since epoch
8,8,8,8,8, -  1588707568658mS since epoch
8,8,8,8,8, -  1588707569706mS since epoch
8,8,8,8,8, -  1588707570751mS since epoch
8,8,8,8,8, -  1588707571796mS since epoch
8,8,8,8,8, -  1588707572847mS since epoch
8,8,8,8,8, -  1588707573893mS since epoch
8,8,8,8,8, -  1588707574935mS since epoch
8,8,8,8,8, -  1588707575980mS since epoch
8,8,8,8,8, -  1588707577025mS since epoch
8,8,8,8,8, -  1588707578065mS since epoch
8,8,8,8,8, -  1588707579108mS since epoch
8,8,8,8,8, -  1588707580148mS since epoch
8,8,8,8,8, -  1588707581185mS since epoch
8,8,8,8,8, -  1588707582230mS since epoch
8,8,8,8,8, -  1588707583271mS since epoch
8,8,8,8,8, -  1588707584313mS since epoch
8,8,8,8,8, -  1588707585353mS since epoch
8,8,8,8,8, -  1588707586393mS since epoch
8,8,8,8,8, -  1588707587432mS since epoch
8,8,8,8,8, -  1588707588471mS since epoch
8,8,8,8,8, -  1588707589513mS since epoch
8,8,8,8,8, -  1588707590561mS since epoch
8,8,8,8,8, -  1588707591604mS since epoch
8,8,8,8,8, -  1588707592641mS since epoch
8,8,8,8,8, -  1588707593678mS since epoch
8,8,8,8,8, -  1588707594723mS since epoch
8,8,8,8,8, -  1588707595774mS since epoch
8,8,8,8,8, -  1588707596822mS since epoch
8,8,8,8,8, -  1588707597864mS since epoch
8,8,8,8,8, -  1588707598909mS since epoch
8,8,8,8,8, -  1588707599949mS since epoch
8,8,8,8,8, -  1588707600992mS since epoch
8,8,8,8,8, -  1588707602042mS since epoch
8,8,8,8,8, -  1588707603084mS since epoch
8,8,8,8,8, -  1588707604125mS since epoch
8,8,8,8,8, -  1588707605173mS since epoch
8,8,8,8,8, -  1588707606226mS since epoch
8,8,8,8,8, -  1588707607275mS since epoch
8,8,8,8,8, -  1588707608317mS since epoch
8,8,8,8,8, -  1588707609358mS since epoch
8,8,8,8,8, -  1588707610401mS since epoch
8,8,8,8,8, -  1588707611450mS since epoch
8,8,8,8,8, -  1588707612490mS since epoch
8,8,8,8,8, -  1588707613537mS since epoch
8,8,8,8,8, -  1588707614582mS since epoch
8,8,8,8,8, -  1588707615625mS since epoch
8,8,8,8,8, -  1588707616670mS since epoch
8,8,8,8,8, -  1588707617717mS since epoch
8,8,8,8,8, -  1588707618758mS since epoch
8,8,8,8,8, -  1588707619796mS since epoch
8,8,8,8,8, -  1588707620833mS since epoch
8,8,8,8,8, -  1588707621880mS since epoch
8,8,8,8,8, -  1588707622917mS since epoch
8,8,8,8,8, -  1588707623960mS since epoch
8,8,8,8,8, -  1588707625000mS since epoch
8,8,8,8,8, -  1588707626041mS since epoch
8,8,8,8,8, -  1588707627087mS since epoch
8,8,8,8,8, -  1588707628126mS since epoch
8,8,8,8,8, -  1588707629174mS since epoch
8,8,8,8,8, -  1588707630217mS since epoch
8,8,8,8,8, -  1588707631261mS since epoch
8,8,8,8,8, -  1588707632336mS since epoch
8,8,8,8,8, -  1588707633379mS since epoch
8,8,8,8,8, -  1588707634421mS since epoch
8,8,8,8,8, -  1588707635460mS since epoch
8,8,8,8,8, -  1588707636502mS since epoch
8,8,8,8,8, -  1588707637539mS since epoch
8,8,8,8,8, -  1588707638581mS since epoch
8,8,8,8,8, -  1588707639621mS since epoch
8,8,8,8,8, -  1588707640664mS since epoch
8,8,8,8,8, -  1588707641701mS since epoch
8,8,8,8,8, -  1588707642747mS since epoch
8,8,8,8,8, -  1588707643787mS since epoch
8,8,8,8,8, -  1588707644827mS since epoch
8,8,8,8,8, -  1588707645866mS since epoch
8,8,8,8,8, -  1588707646908mS since epoch
8,8,8,8,8, -  1588707647953mS since epoch
8,8,8,8,8, -  1588707648997mS since epoch
8,8,8,8,8, -  1588707650039mS since epoch
8,8,8,8,8, -  1588707651088mS since epoch
8,8,8,8,8, -  1588707652128mS since epoch
8,8,8,8,8, -  1588707653178mS since epoch
8,8,8,8,8, -  1588707654220mS since epoch
8,8,8,8,8, -  1588707655260mS since epoch
8,8,8,8,8, -  1588707656298mS since epoch
8,8,8,8,8, -  1588707657339mS since epoch
8,8,8,8,8, -  1588707658378mS since epoch
8,8,8,8,8, -  1588707659421mS since epoch
8,8,8,8,8, -  1588707660463mS since epoch
8,8,8,8,8, -  1588707661505mS since epoch
8,8,8,8,8, -  1588707662546mS since epoch
8,8,8,8,8, -  1588707663592mS since epoch
8,8,8,8,8, -  1588707664635mS since epoch
8,8,8,8,8, -  1588707665684mS since epoch
8,8,8,8,8, -  1588707666717mS since epoch
8,8,8,8,8, -  1588707667762mS since epoch
8,8,8,8,8, -  1588707668802mS since epoch
8,8,8,8,8, -  1588707669841mS since epoch
8,8,8,8,8, -  1588707670888mS since epoch
8,8,8,8,8, -  1588707671929mS since epoch
8,8,8,8,8, -  1588707672975mS since epoch
8,8,8,8,8, -  1588707674013mS since epoch
8,8,8,8,8, -  1588707675054mS since epoch
8,8,8,8,8, -  1588707676093mS since epoch
8,8,8,8,8, -  1588707677132mS since epoch
8,8,8,8,8, -  1588707678175mS since epoch
8,8,8,8,8, -  1588707679215mS since epoch
8,8,8,8,8, -  1588707680254mS since epoch
8,8,8,8,8, -  1588707681293mS since epoch
8,8,8,8,8, -  1588707682333mS since epoch
8,8,8,8,8, -  1588707683373mS since epoch
8,8,8,8,8, -  1588707684421mS since epoch
8,8,8,8,8, -  1588707685461mS since epoch
8,8,8,8,8, -  1588707686505mS since epoch
8,8,8,8,8, -  1588707687543mS since epoch
8,8,8,8,8, -  1588707688590mS since epoch
8,8,8,8,8, -  1588707689632mS since epoch
8,8,8,8,8, -  1588707690677mS since epoch
8,8,8,8,8, -  1588707691719mS since epoch
8,8,8,8,8, -  1588707692760mS since epoch
8,8,8,8,8, -  1588707693800mS since epoch
8,8,8,8,8, -  1588707694850mS since epoch
8,8,8,8,8, -  1588707695894mS since epoch
8,8,8,8,8, -  1588707696943mS since epoch
8,8,8,8,8, -  1588707697989mS since epoch
8,8,8,8,8, -  1588707699030mS since epoch
8,8,8,8,8, -  1588707700074mS since epoch
8,8,8,8,8, -  1588707701119mS since epoch
8,8,8,8,8, -  1588707702160mS since epoch
8,8,8,8,8, -  1588707703200mS since epoch
8,8,8,8,8, -  1588707704246mS since epoch
8,8,8,8,8, -  1588707705290mS since epoch
8,8,8,8,8, -  1588707706333mS since epoch
8,8,8,8,8, -  1588707707374mS since epoch
8,8,8,8,8, -  1588707708418mS since epoch
8,8,8,8,8, -  1588707709481mS since epoch
8,8,8,8,8, -  1588707710524mS since epoch
8,8,8,8,8, -  1588707711562mS since epoch
8,8,8,8,8, -  1588707712610mS since epoch
8,8,8,8,8, -  1588707713653mS since epoch
8,8,8,8,8, -  1588707714697mS since epoch
8,8,8,8,8, -  1588707715737mS since epoch
8,8,8,8,8, -  1588707716782mS since epoch
8,8,8,8,8, -  1588707717821mS since epoch
8,8,8,8,8, -  1588707718863mS since epoch
8,8,8,8,8, -  1588707719907mS since epoch
8,8,8,8,8, -  1588707720949mS since epoch
8,8,8,8,8, -  1588707721994mS since epoch
8,8,8,8,8, -  1588707723042mS since epoch
8,8,8,8,8, -  1588707724082mS since epoch
8,8,8,8,8, -  1588707725117mS since epoch
8,8,8,8,8, -  1588707726160mS since epoch
8,8,8,8,8, -  1588707727206mS since epoch
8,8,8,8,8, -  1588707728244mS since epoch
8,8,8,8,8, -  1588707729283mS since epoch
8,8,8,8,8, -  1588707730326mS since epoch
8,8,8,8,8, -  1588707731369mS since epoch
8,8,8,8,8, -  1588707732408mS since epoch
8,8,8,8,8, -  1588707733451mS since epoch
8,8,8,8,8, -  1588707734495mS since epoch
8,8,8,8,8, -  1588707735549mS since epoch
8,8,8,8,8, -  1588707736595mS since epoch
8,8,8,8,8, -  1588707737642mS since epoch
8,8,8,8,8, -  1588707738690mS since epoch
8,8,8,8,8, -  1588707739733mS since epoch
8,8,8,8,8, -  1588707740776mS since epoch
8,8,8,8,8, -  1588707741842mS since epoch
8,8,8,8,8, -  1588707742888mS since epoch
8,8,8,8,8, -  1588707743931mS since epoch
8,8,8,8,8, -  1588707744973mS since epoch
8,8,8,8,8, -  1588707746021mS since epoch
8,8,8,8,8, -  1588707747060mS since epoch
8,8,8,8,8, -  1588707748109mS since epoch
8,8,8,8,8, -  1588707749147mS since epoch
8,8,8,8,8, -  1588707750190mS since epoch
8,8,8,8,8, -  1588707751235mS since epoch
8,8,8,8,8, -  1588707752281mS since epoch
8,8,8,8,8, -  1588707753322mS since epoch
8,8,8,8,8, -  1588707754361mS since epoch
8,8,8,8,8, -  1588707755400mS since epoch
8,8,8,8,8, -  1588707756451mS since epoch
8,8,8,8,8, -  1588707757503mS since epoch
8,8,8,8,8, -  1588707758543mS since epoch
8,8,8,8,8, -  1588707759584mS since epoch
8,8,8,8,8, -  1588707760630mS since epoch
8,8,8,8,8, -  1588707761676mS since epoch
8,8,8,8,8, -  1588707762719mS since epoch
8,8,8,8,8, -  1588707763758mS since epoch
8,8,8,8,8, -  1588707764797mS since epoch
8,8,8,8,8, -  1588707765843mS since epoch
8,8,8,8,8, -  1588707766879mS since epoch
8,8,8,8,8, -  1588707767917mS since epoch
8,8,8,8,8, -  1588707768959mS since epoch
8,8,8,8,8, -  1588707769999mS since epoch
8,8,8,8,8, -  1588707771050mS since epoch
8,8,8,8,8, -  1588707772093mS since epoch
8,8,8,8,8, -  1588707773144mS since epoch
8,8,8,8,8, -  1588707774179mS since epoch
8,8,8,8,8, -  1588707775218mS since epoch
8,8,8,8,8, -  1588707776269mS since epoch
8,8,8,8,8, -  1588707777311mS since epoch
8,8,8,8,8, -  1588707778362mS since epoch
8,8,8,8,8, -  1588707779410mS since epoch
8,8,8,8,8, -  1588707780449mS since epoch
8,8,8,8,8, -  1588707781498mS since epoch
8,8,8,8,8, -  1588707782540mS since epoch
8,8,8,8,8, -  1588707783587mS since epoch
8,8,8,8,8, -  1588707784633mS since epoch
8,8,8,8,8, -  1588707785672mS since epoch
8,8,8,8,8, -  1588707786713mS since epoch
8,8,8,8,8, -  1588707787752mS since epoch
8,8,8,8,8, -  1588707788794mS since epoch
8,8,8,8,8, -  1588707789842mS since epoch
8,8,8,8,8, -  1588707790886mS since epoch
8,8,8,8,8, -  1588707791930mS since epoch
8,8,8,8,8, -  1588707792973mS since epoch
8,8,8,8,8, -  1588707794018mS since epoch
8,8,8,8,8, -  1588707795062mS since epoch
8,8,8,8,8, -  1588707796106mS since epoch
8,8,8,8,8, -  1588707797150mS since epoch
8,8,8,8,8, -  1588707798192mS since epoch
8,8,8,8,8, -  1588707799242mS since epoch
8,8,8,8,8, -  1588707800300mS since epoch
8,8,8,8,8, -  1588707801353mS since epoch
8,8,8,8,8, -  1588707802398mS since epoch
8,8,8,8,8, -  1588707803445mS since epoch
8,8,8,8,8, -  1588707804502mS since epoch
8,8,8,8,8, -  1588707805538mS since epoch
8,8,8,8,8, -  1588707806583mS since epoch
8,8,8,8,8, -  1588707807618mS since epoch
8,8,8,8,8, -  1588707808657mS since epoch
8,8,8,8,8, -  1588707809699mS since epoch
8,8,8,8,8, -  1588707810749mS since epoch
8,8,8,8,8, -  1588707811796mS since epoch
8,8,8,8,8, -  1588707812849mS since epoch
8,8,8,8,8, -  1588707813888mS since epoch
8,8,8,8,8, -  1588707814934mS since epoch
8,8,8,8,8, -  1588707815981mS since epoch
8,8,8,8,8, -  1588707817020mS since epoch
8,8,8,8,8, -  1588707818064mS since epoch
8,8,8,8,8, -  1588707819107mS since epoch
8,8,8,8,8, -  1588707820149mS since epoch
8,8,8,8,8, -  1588707821197mS since epoch
8,8,8,8,8, -  1588707822240mS since epoch
8,8,8,8,8, -  1588707823288mS since epoch
8,8,8,8,8, -  1588707824325mS since epoch
8,8,8,8,8, -  1588707825366mS since epoch
8,8,8,8,8, -  1588707826409mS since epoch
8,8,8,8,8, -  1588707827448mS since epoch
8,8,8,8,8, -  1588707828489mS since epoch
8,8,8,8,8, -  1588707829529mS since epoch
8,8,8,8,8, -  1588707830573mS since epoch
8,8,8,8,8, -  1588707831613mS since epoch
8,8,8,8,8, -  1588707832663mS since epoch
8,8,8,8,8, -  1588707833714mS since epoch
8,8,8,8,8, -  1588707834757mS since epoch
8,8,8,8,8, -  1588707835804mS since epoch
8,8,8,8,8, -  1588707836857mS since epoch
8,8,8,8,8, -  1588707837899mS since epoch
8,8,8,8,8, -  1588707838943mS since epoch
8,8,8,8,8, -  1588707839997mS since epoch
8,8,8,8,8, -  1588707841038mS since epoch
8,8,8,8,8, -  1588707842077mS since epoch
8,8,8,8,8, -  1588707843130mS since epoch
8,8,8,8,8, -  1588707844178mS since epoch
8,8,8,8,8, -  1588707845218mS since epoch
8,8,8,8,8, -  1588707846267mS since epoch
8,8,8,8,8, -  1588707847310mS since epoch
8,8,8,8,8, -  1588707848353mS since epoch
8,8,8,8,8, -  1588707849394mS since epoch
8,8,8,8,8, -  1588707850436mS since epoch
8,8,8,8,8, -  1588707851482mS since epoch
8,8,8,8,8, -  1588707852522mS since epoch
8,8,8,8,8, -  1588707853573mS since epoch
8,8,8,8,8, -  1588707854627mS since epoch
8,8,8,8,8, -  1588707855671mS since epoch
8,8,8,8,8, -  1588707856718mS since epoch
8,8,8,8,8, -  1588707857756mS since epoch
8,8,8,8,8, -  1588707858801mS since epoch
8,8,8,8,8, -  1588707859843mS since epoch
8,8,8,8,8, -  1588707860921mS since epoch
8,8,8,8,8, -  1588707861961mS since epoch
8,8,8,8,8, -  1588707863003mS since epoch
8,8,8,8,8, -  1588707864057mS since epoch
8,8,8,8,8, -  1588707865100mS since epoch
8,8,8,8,8, -  1588707866144mS since epoch
8,8,8,8,8, -  1588707867193mS since epoch
8,8,8,8,8, -  1588707868236mS since epoch
8,8,8,8,8, -  1588707869282mS since epoch
8,8,8,8,8, -  1588707870326mS since epoch
8,8,8,8,8, -  1588707871384mS since epoch
8,8,8,8,8, -  1588707872428mS since epoch
8,8,8,8,8, -  1588707873469mS since epoch
8,8,8,8,8, -  1588707874523mS since epoch
8,8,8,8,8, -  1588707875573mS since epoch
8,8,8,8,8, -  1588707876616mS since epoch
8,8,8,8,8, -  1588707877659mS since epoch
8,8,8,8,8, -  1588707878712mS since epoch
8,8,8,8,8, -  1588707879751mS since epoch
8,8,8,8,8, -  1588707880793mS since epoch
8,8,8,8,8, -  1588707881836mS since epoch
8,8,8,8,8, -  1588707882878mS since epoch
8,8,8,8,8, -  1588707883920mS since epoch
8,8,8,8,8, -  1588707884965mS since epoch
8,8,8,8,8, -  1588707886008mS since epoch
8,8,8,8,8, -  1588707887044mS since epoch
8,8,8,8,8, -  1588707888089mS since epoch
8,8,8,8,8, -  1588707889128mS since epoch
8,8,8,8,8, -  1588707890177mS since epoch
8,8,8,8,8, -  1588707891220mS since epoch
8,8,8,8,8, -  1588707892258mS since epoch
8,8,8,8,8, -  1588707893305mS since epoch
8,8,8,8,8, -  1588707894353mS since epoch
8,8,8,8,8, -  1588707895395mS since epoch
8,8,8,8,8, -  1588707896441mS since epoch
8,8,8,8,8, -  1588707897486mS since epoch
8,8,8,8,8, -  1588707898529mS since epoch
8,8,8,8,8, -  1588707899569mS since epoch
8,8,8,8,8, -  1588707900609mS since epoch
8,8,8,8,8, -  1588707901648mS since epoch
8,8,8,8,8, -  1588707902687mS since epoch
8,8,8,8,8, -  1588707903728mS since epoch
8,8,8,8,8, -  1588707904771mS since epoch
8,8,8,8,8, -  1588707905816mS since epoch
8,8,8,8,8, -  1588707906869mS since epoch
8,8,8,8,8, -  1588707907925mS since epoch
8,8,8,8,8, -  1588707908966mS since epoch
8,8,8,8,8, -  1588707910008mS since epoch
8,8,8,8,8, -  1588707911054mS since epoch
8,8,8,8,8, -  1588707912093mS since epoch
8,8,8,8,8, -  1588707913135mS since epoch
8,8,8,8,8, -  1588707914180mS since epoch
8,8,8,8,8, -  1588707915215mS since epoch
8,8,8,8,8, -  1588707916262mS since epoch
8,8,8,8,8, -  1588707917304mS since epoch
8,8,8,8,8, -  1588707918346mS since epoch
8,8,8,8,8, -  1588707919392mS since epoch
8,8,8,8,8, -  1588707920437mS since epoch
8,8,8,8,8, -  1588707921479mS since epoch
8,8,8,8,8, -  1588707922518mS since epoch
8,8,8,8,8, -  1588707923568mS since epoch
8,8,8,8,8, -  1588707924625mS since epoch
8,8,8,8,8, -  1588707925680mS since epoch
8,8,8,8,8, -  1588707926746mS since epoch
8,8,8,8,8, -  1588707927795mS since epoch
8,8,8,8,8, -  1588707928844mS since epoch
8,8,8,8,8, -  1588707929898mS since epoch
8,8,8,8,8, -  1588707930943mS since epoch
8,8,8,8,8, -  1588707931982mS since epoch
8,8,8,8,8, -  1588707933027mS since epoch
8,8,8,8,8, -  1588707934075mS since epoch
8,8,8,8,8, -  1588707935113mS since epoch
8,8,8,8,8, -  1588707936186mS since epoch
8,8,8,8,8, -  1588707937223mS since epoch
8,8,8,8,8, -  1588707938263mS since epoch
8,8,8,8,8, -  1588707939309mS since epoch
8,8,8,8,8, -  1588707940353mS since epoch
8,8,8,8,8, -  1588707941398mS since epoch
8,8,8,8,8, -  1588707942442mS since epoch
8,8,8,8,8, -  1588707943490mS since epoch
8,8,8,8,8, -  1588707944533mS since epoch
8,8,8,8,8, -  1588707945577mS since epoch
8,8,8,8,8, -  1588707946622mS since epoch
8,8,8,8,8, -  1588707947672mS since epoch
8,8,8,8,8, -  1588707948716mS since epoch
8,8,8,8,8, -  1588707949764mS since epoch
8,8,8,8,8, -  1588707950808mS since epoch
8,8,8,8,8, -  1588707951849mS since epoch
8,8,8,8,8, -  1588707952898mS since epoch
8,8,8,8,8, -  1588707953944mS since epoch
8,8,8,8,8, -  1588707954984mS since epoch
8,8,8,8,8, -  1588707956025mS since epoch
8,8,8,8,8, -  1588707957074mS since epoch
8,8,8,8,8, -  1588707958112mS since epoch
8,8,8,8,8, -  1588707959158mS since epoch
8,8,8,8,8, -  1588707960198mS since epoch
8,8,8,8,8, -  1588707961249mS since epoch
8,8,8,8,8, -  1588707962291mS since epoch
8,8,8,8,8, -  1588707963336mS since epoch
8,8,8,8,8, -  1588707964381mS since epoch
8,8,8,8,8, -  1588707965421mS since epoch
8,8,8,8,8, -  1588707966465mS since epoch
8,8,8,8,8, -  1588707967503mS since epoch
8,8,8,8,8, -  1588707968544mS since epoch
8,8,8,8,8, -  1588707969596mS since epoch
8,8,8,8,8, -  1588707970650mS since epoch
8,8,8,8,8, -  1588707971705mS since epoch
8,8,8,8,8, -  1588707972741mS since epoch
8,8,8,8,8, -  1588707973789mS since epoch
8,8,8,8,8, -  1588707974828mS since epoch
8,8,8,8,8, -  1588707975871mS since epoch
8,8,8,8,8, -  1588707976913mS since epoch
8,8,8,8,8, -  1588707977953mS since epoch
8,8,8,8,8, -  1588707978995mS since epoch
8,8,8,8,8, -  1588707980035mS since epoch
8,8,8,8,8, -  1588707981072mS since epoch
8,8,8,8,8, -  1588707982109mS since epoch
8,8,8,8,8, -  1588707983149mS since epoch
8,8,8,8,8, -  1588707984197mS since epoch
8,8,8,8,8, -  1588707985234mS since epoch
8,8,8,8,8, -  1588707986281mS since epoch
8,8,8,8,8, -  1588707987324mS since epoch
8,8,8,8,8, -  1588707988369mS since epoch
8,8,8,8,8, -  1588707989412mS since epoch
8,8,8,8,8, -  1588707990453mS since epoch
8,8,8,8,8, -  1588707991496mS since epoch
8,8,8,8,8, -  1588707992536mS since epoch
8,8,8,8,8, -  1588707993579mS since epoch
8,8,8,8,8, -  1588707994619mS since epoch
8,8,8,8,8, -  1588707995669mS since epoch
8,8,8,8,8, -  1588707996710mS since epoch
8,8,8,8,8, -  1588707997756mS since epoch
8,8,8,8,8, -  1588707998794mS since epoch
8,8,8,8,8, -  1588707999843mS since epoch
8,8,8,8,8, -  1588708000890mS since epoch
8,8,8,8,8, -  1588708001929mS since epoch
8,8,8,8,8, -  1588708002969mS since epoch
8,8,8,8,8, -  1588708004019mS since epoch
8,8,8,8,8, -  1588708005058mS since epoch
8,8,8,8,8, -  1588708006099mS since epoch
8,8,8,8,8, -  1588708007145mS since epoch
8,8,8,8,8, -  1588708008193mS since epoch
8,8,8,8,8, -  1588708009230mS since epoch
8,8,8,8,8, -  1588708010269mS since epoch
8,8,8,8,8, -  1588708011323mS since epoch
8,8,8,8,8, -  1588708012368mS since epoch
8,8,8,8,8, -  1588708013414mS since epoch
8,8,8,8,8, -  1588708014455mS since epoch
8,8,8,8,8, -  1588708015499mS since epoch
8,8,8,8,8, -  1588708016550mS since epoch
8,8,8,8,8, -  1588708017586mS since epoch
8,8,8,8,8, -  1588708018633mS since epoch
8,8,8,8,8, -  1588708019676mS since epoch
8,8,8,8,8, -  1588708020719mS since epoch
8,8,8,8,8, -  1588708021766mS since epoch
8,8,8,8,8, -  1588708022808mS since epoch
8,8,8,8,8, -  1588708023853mS since epoch
8,8,8,8,8, -  1588708024899mS since epoch
8,8,8,8,8, -  1588708025937mS since epoch
8,8,8,8,8, -  1588708026980mS since epoch
8,8,8,8,8, -  1588708028030mS since epoch
8,8,8,8,8, -  1588708029069mS since epoch
8,8,8,8,8, -  1588708030110mS since epoch
8,8,8,8,8, -  1588708031154mS since epoch
8,8,8,8,8, -  1588708032204mS since epoch
8,8,8,8,8, -  1588708033249mS since epoch
8,8,8,8,8, -  1588708034295mS since epoch
8,8,8,8,8, -  1588708035332mS since epoch
8,8,8,8,8, -  1588708036380mS since epoch
8,8,8,8,8, -  1588708037422mS since epoch
8,8,8,8,8, -  1588708038466mS since epoch
8,8,8,8,8, -  1588708039511mS since epoch
8,8,8,8,8, -  1588708040556mS since epoch
8,8,8,8,8, -  1588708041602mS since epoch
8,8,8,8,8, -  1588708042644mS since epoch
8,8,8,8,8, -  1588708043693mS since epoch
8,8,8,8,8, -  1588708044734mS since epoch
8,8,8,8,8, -  1588708045780mS since epoch
8,8,8,8,8, -  1588708046820mS since epoch
8,8,8,8,8, -  1588708047864mS since epoch
8,8,8,8,8, -  1588708048905mS since epoch
8,8,8,8,8, -  1588708049952mS since epoch
8,8,8,8,8, -  1588708050985mS since epoch
8,8,8,8,8, -  1588708052029mS since epoch
8,8,8,8,8, -  1588708053073mS since epoch
8,8,8,8,8, -  1588708054116mS since epoch
8,8,8,8,8, -  1588708055155mS since epoch
8,8,8,8,8, -  1588708056207mS since epoch
8,8,8,8,8, -  1588708057242mS since epoch
8,8,8,8,8, -  1588708058281mS since epoch
8,8,8,8,8, -  1588708059329mS since epoch
8,8,8,8,8, -  1588708060370mS since epoch
8,8,8,8,8, -  1588708061408mS since epoch
8,8,8,8,8, -  1588708062455mS since epoch
8,8,8,8,8, -  1588708063504mS since epoch
8,8,8,8,8, -  1588708064546mS since epoch
8,8,8,8,8, -  1588708065587mS since epoch
8,8,8,8,8, -  1588708066632mS since epoch
8,8,8,8,8, -  1588708067677mS since epoch
8,8,8,8,8, -  1588708068711mS since epoch
8,8,8,8,8, -  1588708069753mS since epoch
8,8,8,8,8, -  1588708070799mS since epoch
8,8,8,8,8, -  1588708071843mS since epoch
8,8,8,8,8, -  1588708072887mS since epoch
8,8,8,8,8, -  1588708073927mS since epoch
8,8,8,8,8, -  1588708074972mS since epoch
8,8,8,8,8, -  1588708076016mS since epoch
8,8,8,8,8, -  1588708077060mS since epoch
8,8,8,8,8, -  1588708078106mS since epoch
8,8,8,8,8, -  1588708079181mS since epoch
8,8,8,8,8, -  1588708080225mS since epoch
8,8,8,8,8, -  1588708081268mS since epoch
8,8,8,8,8, -  1588708082316mS since epoch
8,8,8,8,8, -  1588708083363mS since epoch
8,8,8,8,8, -  1588708084401mS since epoch
8,8,8,8,8, -  1588708085444mS since epoch
8,8,8,8,8, -  1588708086480mS since epoch
8,8,8,8,8, -  1588708087533mS since epoch
8,8,8,8,8, -  1588708088574mS since epoch
8,8,8,8,8, -  1588708089617mS since epoch
8,8,8,8,8, -  1588708090663mS since epoch
8,8,8,8,8, -  1588708091710mS since epoch
8,8,8,8,8, -  1588708092764mS since epoch
8,8,8,8,8, -  1588708093810mS since epoch
8,8,8,8,8, -  1588708094866mS since epoch
8,8,8,8,8, -  1588708095917mS since epoch
8,8,8,8,8, -  1588708096969mS since epoch
8,8,8,8,8, -  1588708098016mS since epoch
8,8,8,8,8, -  1588708099059mS since epoch
8,8,8,8,8, -  1588708100101mS since epoch
8,8,8,8,8, -  1588708101148mS since epoch
8,8,8,8,8, -  1588708102193mS since epoch
8,8,8,8,8, -  1588708103231mS since epoch
8,8,8,8,8, -  1588708104275mS since epoch
8,8,8,8,8, -  1588708105322mS since epoch
8,8,8,8,8, -  1588708106365mS since epoch
8,8,8,8,8, -  1588708107405mS since epoch
8,8,8,8,8, -  1588708108452mS since epoch
8,8,8,8,8, -  1588708109495mS since epoch
8,8,8,8,8, -  1588708110542mS since epoch
8,8,8,8,8, -  1588708111582mS since epoch
8,8,8,8,8, -  1588708112623mS since epoch
8,8,8,8,8, -  1588708113676mS since epoch
8,8,8,8,8, -  1588708114719mS since epoch
8,8,8,8,8, -  1588708115764mS since epoch
8,8,8,8,8, -  1588708116802mS since epoch
7,8,8,8,8, -  1588708117845mS since epoch
7,8,8,7,8, -  1588708118888mS since epoch
7,7,8,7,8, -  1588708119946mS since epoch
7,7,7,7,8, -  1588708120989mS since epoch
7,7,7,6,8, -  1588708122024mS since epoch
7,7,7,6,8, -  1588708123059mS since epoch
7,7,7,6,7, -  1588708124100mS since epoch
7,7,7,6,7, -  1588708125143mS since epoch
7,7,4,5,7, -  1588708126191mS since epoch
7,6,4,5,7, -  1588708127238mS since epoch
6,6,4,5,7, -  1588708128277mS since epoch
6,6,4,5,6, -  1588708129313mS since epoch
6,6,4,5,6, -  1588708130353mS since epoch
6,6,4,5,6, -  1588708131398mS since epoch
6,6,3,5,6, -  1588708132443mS since epoch
6,6,2,5,6, -  1588708133485mS since epoch
6,6,2,5,5, -  1588708134530mS since epoch
5,5,2,5,5, -  1588708135573mS since epoch
5,5,2,5,4, -  1588708136619mS since epoch
4,5,2,5,4, -  1588708137655mS since epoch
4,5,2,5,4, -  1588708138695mS since epoch
4,5,2,5,4, -  1588708139738mS since epoch
4,5,2,5,4, -  1588708140782mS since epoch
4,4,2,5,4, -  1588708141827mS since epoch
4,4,2,5,4, -  1588708142869mS since epoch
4,4,2,5,4, -  1588708143914mS since epoch
4,4,2,5,4, -  1588708144958mS since epoch
4,3,1,5,4, -  1588708145998mS since epoch
4,3,1,5,4, -  1588708147048mS since epoch
4,3,1,5,4, -  1588708148086mS since epoch
4,3,1,5,2, -  1588708149144mS since epoch
4,3,1,5,2, -  1588708150196mS since epoch
3,3,1,4,2, -  1588708151240mS since epoch
3,3,1,4,1, -  1588708152288mS since epoch
3,3,1,4,1, -  1588708153335mS since epoch
3,3,1,4,1, -  1588708154376mS since epoch
2,3,1,3,1, -  1588708155421mS since epoch
2,3,1,3,1, -  1588708156462mS since epoch
2,3,1,3,1, -  1588708157504mS since epoch
2,3,1,3,1, -  1588708158545mS since epoch
2,3,1,3,1, -  1588708159588mS since epoch
2,2,1,3,1, -  1588708160632mS since epoch
2,2,1,3,1, -  1588708161679mS since epoch
2,2,1,3,1, -  1588708162718mS since epoch
2,1,1,3,1, -  1588708163762mS since epoch
2,1,1,3,1, -  1588708164807mS since epoch
2,1,0,3,1, -  1588708165870mS since epoch
2,1,0,3,1, -  1588708166917mS since epoch
2,1,0,3,1, -  1588708167964mS since epoch
2,1,0,3,1, -  1588708169010mS since epoch
2,1,0,3,1, -  1588708170050mS since epoch
2,1,0,3,1, -  1588708171090mS since epoch
2,1,0,3,1, -  1588708172131mS since epoch
2,1,0,3,1, -  1588708173168mS since epoch
2,1,0,3,1, -  1588708174208mS since epoch
2,1,0,2,1, -  1588708175247mS since epoch
2,1,0,2,0, -  1588708176288mS since epoch
2,1,0,1,0, -  1588708177330mS since epoch
2,1,0,1,0, -  1588708178378mS since epoch
2,1,0,1,0, -  1588708179415mS since epoch
2,1,0,1,0, -  1588708180455mS since epoch
2,1,0,1,0, -  1588708181501mS since epoch
2,1,0,1,0, -  1588708182544mS since epoch
2,1,0,1,0, -  1588708183587mS since epoch
2,1,0,1,0, -  1588708184628mS since epoch
2,1,0,1,0, -  1588708185671mS since epoch
2,1,0,1,0, -  1588708186713mS since epoch
2,1,0,1,0, -  1588708187752mS since epoch
2,1,0,1,0, -  1588708188793mS since epoch
2,1,0,1,0, -  1588708189838mS since epoch
2,1,0,1,0, -  1588708190884mS since epoch
2,1,0,1,0, -  1588708191925mS since epoch
2,1,0,1,0, -  1588708192968mS since epoch
2,1,0,1,0, -  1588708194010mS since epoch
2,1,0,1,0, -  1588708195047mS since epoch
2,1,0,1,0, -  1588708196091mS since epoch
2,1,0,1,0, -  1588708197131mS since epoch
2,1,0,1,0, -  1588708198181mS since epoch
2,1,0,1,0, -  1588708199221mS since epoch
1,1,0,1,0, -  1588708200258mS since epoch
1,1,0,1,0, -  1588708201301mS since epoch
1,1,0,1,0, -  1588708202344mS since epoch
1,1,0,1,0, -  1588708203389mS since epoch
1,1,0,1,0, -  1588708204432mS since epoch
1,1,0,1,0, -  1588708205475mS since epoch
1,1,0,1,0, -  1588708206520mS since epoch
1,1,0,1,0, -  1588708207562mS since epoch
1,1,0,1,0, -  1588708208610mS since epoch
1,1,0,1,0, -  1588708209661mS since epoch
1,1,0,1,0, -  1588708210705mS since epoch
1,1,0,1,0, -  1588708211746mS since epoch
1,1,0,1,0, -  1588708212792mS since epoch
1,1,0,1,0, -  1588708213841mS since epoch
1,1,0,1,0, -  1588708214884mS since epoch
1,1,0,1,0, -  1588708215923mS since epoch
1,1,0,1,0, -  1588708216967mS since epoch
1,1,0,1,0, -  1588708218010mS since epoch
1,1,0,1,0, -  1588708219048mS since epoch
1,1,0,1,0, -  1588708220085mS since epoch
1,1,0,1,0, -  1588708221126mS since epoch
1,1,0,1,0, -  1588708222182mS since epoch
1,1,0,1,0, -  1588708223222mS since epoch
1,1,0,1,0, -  1588708224266mS since epoch
1,1,0,1,0, -  1588708225305mS since epoch
1,1,0,1,0, -  1588708226344mS since epoch
1,1,0,1,0, -  1588708227388mS since epoch
1,1,0,1,0, -  1588708228432mS since epoch
1,1,0,1,0, -  1588708229476mS since epoch
1,1,0,1,0, -  1588708230515mS since epoch
1,1,0,1,0, -  1588708231559mS since epoch
1,1,0,1,0, -  1588708232603mS since epoch
1,1,0,1,0, -  1588708233646mS since epoch
1,1,0,1,0, -  1588708234690mS since epoch
1,1,0,1,0, -  1588708235732mS since epoch
1,1,0,1,0, -  1588708236781mS since epoch
1,1,0,1,0, -  1588708237826mS since epoch
1,1,0,1,0, -  1588708238863mS since epoch
1,1,0,1,0, -  1588708239912mS since epoch
1,1,0,1,0, -  1588708240961mS since epoch
1,1,0,1,0, -  1588708242006mS since epoch
1,1,0,1,0, -  1588708243048mS since epoch
1,1,0,1,0, -  1588708244091mS since epoch
1,1,0,1,0, -  1588708245129mS since epoch
1,1,0,1,0, -  1588708246177mS since epoch
1,1,0,1,0, -  1588708247222mS since epoch
1,1,0,1,0, -  1588708248272mS since epoch
1,1,0,1,0, -  1588708249317mS since epoch
1,1,0,1,0, -  1588708250353mS since epoch
1,1,0,1,0, -  1588708251397mS since epoch
1,1,0,1,0, -  1588708252438mS since epoch
1,1,0,1,0, -  1588708253480mS since epoch
1,1,0,1,0, -  1588708254522mS since epoch
0,1,0,1,0, -  1588708255573mS since epoch
0,1,0,1,0, -  1588708256617mS since epoch
0,1,0,1,0, -  1588708257660mS since epoch
0,1,0,1,0, -  1588708258705mS since epoch
0,1,0,1,0, -  1588708259753mS since epoch
0,1,0,1,0, -  1588708260795mS since epoch
0,1,0,1,0, -  1588708261839mS since epoch
0,1,0,1,0, -  1588708262879mS since epoch
0,1,0,1,0, -  1588708263926mS since epoch
0,1,0,1,0, -  1588708264969mS since epoch
0,1,0,1,0, -  1588708266013mS since epoch
0,1,0,1,0, -  1588708267058mS since epoch
0,1,0,1,0, -  1588708268098mS since epoch
0,1,0,1,0, -  1588708269134mS since epoch
0,1,0,1,0, -  1588708270179mS since epoch
0,1,0,1,0, -  1588708271224mS since epoch
0,1,0,1,0, -  1588708272263mS since epoch
0,1,0,1,0, -  1588708273308mS since epoch
0,1,0,1,0, -  1588708274355mS since epoch
0,1,0,1,0, -  1588708275412mS since epoch
0,1,0,1,0, -  1588708276465mS since epoch
0,1,0,1,0, -  1588708277520mS since epoch
0,1,0,1,0, -  1588708278560mS since epoch
0,1,0,1,0, -  1588708279604mS since epoch
0,1,0,1,0, -  1588708280646mS since epoch
0,1,0,1,0, -  1588708281682mS since epoch
0,1,0,1,0, -  1588708282725mS since epoch
0,1,0,1,0, -  1588708283765mS since epoch
0,1,0,1,0, -  1588708284801mS since epoch
0,1,0,1,0, -  1588708285842mS since epoch
0,1,0,1,0, -  1588708286880mS since epoch
0,1,0,1,0, -  1588708287923mS since epoch
0,1,0,1,0, -  1588708288965mS since epoch
0,1,0,1,0, -  1588708290011mS since epoch
0,1,0,1,0, -  1588708291054mS since epoch
0,1,0,1,0, -  1588708292109mS since epoch
0,1,0,1,0, -  1588708293164mS since epoch
0,1,0,1,0, -  1588708294203mS since epoch
0,1,0,1,0, -  1588708295238mS since epoch
0,1,0,1,0, -  1588708296292mS since epoch
0,1,0,1,0, -  1588708297333mS since epoch
0,1,0,1,0, -  1588708298372mS since epoch
0,1,0,1,0, -  1588708299408mS since epoch
0,1,0,1,0, -  1588708300449mS since epoch
0,1,0,1,0, -  1588708301496mS since epoch
0,1,0,1,0, -  1588708302548mS since epoch
0,1,0,1,0, -  1588708303595mS since epoch
0,1,0,1,0, -  1588708304640mS since epoch
0,1,0,1,0, -  1588708305685mS since epoch
0,1,0,1,0, -  1588708306726mS since epoch
0,1,0,1,0, -  1588708307771mS since epoch
0,1,0,1,0, -  1588708308816mS since epoch
0,1,0,1,0, -  1588708309859mS since epoch
0,1,0,1,0, -  1588708310896mS since epoch
0,1,0,1,0, -  1588708311946mS since epoch
0,1,0,1,0, -  1588708312994mS since epoch
0,1,0,1,0, -  1588708314041mS since epoch
0,1,0,1,0, -  1588708315074mS since epoch
0,1,0,1,0, -  1588708316117mS since epoch
0,1,0,1,0, -  1588708317159mS since epoch
0,1,0,1,0, -  1588708318198mS since epoch
0,1,0,1,0, -  1588708319241mS since epoch
0,1,0,1,0, -  1588708320281mS since epoch
0,1,0,1,0, -  1588708321323mS since epoch
0,1,0,1,0, -  1588708322370mS since epoch
0,1,0,1,0, -  1588708323416mS since epoch
0,1,0,1,0, -  1588708324460mS since epoch
0,1,0,1,0, -  1588708325501mS since epoch
0,1,0,1,0, -  1588708326545mS since epoch
0,1,0,1,0, -  1588708327587mS since epoch
0,1,0,1,0, -  1588708328635mS since epoch
0,1,0,1,0, -  1588708329689mS since epoch
0,1,0,1,0, -  1588708330746mS since epoch
0,1,0,1,0, -  1588708331785mS since epoch
0,1,0,1,0, -  1588708332822mS since epoch
0,1,0,1,0, -  1588708333864mS since epoch
0,1,0,1,0, -  1588708334904mS since epoch
0,1,0,1,0, -  1588708335947mS since epoch
0,1,0,1,0, -  1588708336995mS since epoch
0,1,0,1,0, -  1588708338036mS since epoch
0,1,0,1,0, -  1588708339077mS since epoch
0,1,0,1,0, -  1588708340119mS since epoch
0,1,0,1,0, -  1588708341162mS since epoch
0,1,0,1,0, -  1588708342208mS since epoch
0,1,0,1,0, -  1588708343254mS since epoch
0,1,0,1,0, -  1588708344298mS since epoch
0,1,0,1,0, -  1588708345337mS since epoch
0,1,0,1,0, -  1588708346378mS since epoch
0,1,0,1,0, -  1588708347418mS since epoch
0,1,0,1,0, -  1588708348464mS since epoch
0,1,0,1,0, -  1588708349510mS since epoch
0,1,0,1,0, -  1588708350554mS since epoch
0,1,0,1,0, -  1588708351598mS since epoch
0,1,0,1,0, -  1588708352643mS since epoch
0,1,0,1,0, -  1588708353689mS since epoch
0,1,0,1,0, -  1588708354735mS since epoch
0,1,0,1,0, -  1588708355775mS since epoch
0,1,0,1,0, -  1588708356814mS since epoch
0,1,0,1,0, -  1588708357854mS since epoch
0,1,0,1,0, -  1588708358893mS since epoch
0,1,0,1,0, -  1588708359939mS since epoch
0,1,0,1,0, -  1588708360979mS since epoch
0,1,0,1,0, -  1588708362027mS since epoch
0,1,0,1,0, -  1588708363072mS since epoch
0,1,0,1,0, -  1588708364113mS since epoch
0,1,0,1,0, -  1588708365157mS since epoch
0,1,0,1,0, -  1588708366204mS since epoch
0,1,0,1,0, -  1588708367243mS since epoch
0,1,0,1,0, -  1588708368290mS since epoch
0,1,0,1,0, -  1588708369362mS since epoch
0,1,0,1,0, -  1588708370400mS since epoch
0,1,0,1,0, -  1588708371440mS since epoch
0,1,0,1,0, -  1588708372480mS since epoch
0,1,0,1,0, -  1588708373522mS since epoch
0,1,0,1,0, -  1588708374568mS since epoch
0,1,0,1,0, -  1588708375611mS since epoch
0,1,0,1,0, -  1588708376655mS since epoch
0,1,0,1,0, -  1588708377695mS since epoch
0,1,0,1,0, -  1588708378744mS since epoch
0,1,0,1,0, -  1588708379789mS since epoch
0,1,0,1,0, -  1588708380831mS since epoch
0,1,0,1,0, -  1588708381872mS since epoch
0,1,0,1,0, -  1588708382919mS since epoch
0,1,0,1,0, -  1588708383962mS since epoch
0,1,0,1,0, -  1588708385006mS since epoch
0,1,0,1,0, -  1588708386050mS since epoch
