0,0,0,0,0, -  1582206831659mS since epoch
0,0,0,0,0, -  1582206832700mS since epoch
0,0,0,0,0, -  1582206833746mS since epoch
0,0,0,0,0, -  1582206834783mS since epoch
0,0,0,0,0, -  1582206835832mS since epoch
0,0,0,0,0, -  1582206836878mS since epoch
0,0,0,0,0, -  1582206837922mS since epoch
0,0,0,0,0, -  1582206838964mS since epoch
0,0,0,0,0, -  1582206840008mS since epoch
0,0,0,0,0, -  1582206841057mS since epoch
0,0,0,0,0, -  1582206842099mS since epoch
0,0,0,0,0, -  1582206843142mS since epoch
0,0,0,0,0, -  1582206844187mS since epoch
0,0,0,0,0, -  1582206845228mS since epoch
0,0,0,0,0, -  1582206846272mS since epoch
0,0,0,0,0, -  1582206847315mS since epoch
0,0,0,0,0, -  1582206848355mS since epoch
0,0,0,0,0, -  1582206849395mS since epoch
0,0,0,0,0, -  1582206850443mS since epoch
0,0,0,0,0, -  1582206851499mS since epoch
0,0,0,0,0, -  1582206852541mS since epoch
0,0,0,0,0, -  1582206853591mS since epoch
0,0,0,0,0, -  1582206854638mS since epoch
0,0,0,0,0, -  1582206855678mS since epoch
0,0,0,0,0, -  1582206856719mS since epoch
0,0,0,0,0, -  1582206857758mS since epoch
0,0,0,0,0, -  1582206858805mS since epoch
0,0,0,0,0, -  1582206859841mS since epoch
0,0,0,0,0, -  1582206860873mS since epoch
0,0,0,0,0, -  1582206861913mS since epoch
0,0,0,0,0, -  1582206862960mS since epoch
0,0,0,0,0, -  1582206864007mS since epoch
0,0,0,0,0, -  1582206865047mS since epoch
0,0,0,0,0, -  1582206866092mS since epoch
0,0,0,0,0, -  1582206867131mS since epoch
0,0,0,0,0, -  1582206868173mS since epoch
0,0,0,0,0, -  1582206869215mS since epoch
0,0,0,0,0, -  1582206870253mS since epoch
0,0,0,0,0, -  1582206871297mS since epoch
0,0,0,0,0, -  1582206872338mS since epoch
0,0,0,0,0, -  1582206873385mS since epoch
0,0,0,0,0, -  1582206874426mS since epoch
0,0,0,0,0, -  1582206875479mS since epoch
0,0,0,0,0, -  1582206876524mS since epoch
0,0,0,0,0, -  1582206877568mS since epoch
0,0,0,0,0, -  1582206878609mS since epoch
0,0,0,0,0, -  1582206879649mS since epoch
0,0,0,0,0, -  1582206880693mS since epoch
0,0,0,0,0, -  1582206881737mS since epoch
0,0,0,0,0, -  1582206882779mS since epoch
0,0,0,0,0, -  1582206883823mS since epoch
0,0,0,0,0, -  1582206884869mS since epoch
0,0,0,0,0, -  1582206885916mS since epoch
0,0,0,0,0, -  1582206886953mS since epoch
0,0,0,0,0, -  1582206888001mS since epoch
0,0,0,0,0, -  1582206889043mS since epoch
0,0,0,0,0, -  1582206890087mS since epoch
0,0,0,0,0, -  1582206891132mS since epoch
0,0,0,0,0, -  1582206892174mS since epoch
0,0,0,0,0, -  1582206893220mS since epoch
0,0,0,0,0, -  1582206894267mS since epoch
0,0,0,0,0, -  1582206895320mS since epoch
0,0,0,0,0, -  1582206896366mS since epoch
0,0,0,0,0, -  1582206897418mS since epoch
0,0,0,0,0, -  1582206898463mS since epoch
0,0,0,0,0, -  1582206899507mS since epoch
0,0,0,0,0, -  1582206900552mS since epoch
0,0,0,0,0, -  1582206901598mS since epoch
0,0,0,0,0, -  1582206902637mS since epoch
0,0,0,0,0, -  1582206903671mS since epoch
0,0,0,0,0, -  1582206904719mS since epoch
0,0,0,0,0, -  1582206905759mS since epoch
0,0,0,0,0, -  1582206906802mS since epoch
0,0,0,0,0, -  1582206907843mS since epoch
0,0,0,0,0, -  1582206908875mS since epoch
0,0,0,0,0, -  1582206909909mS since epoch
0,0,0,0,0, -  1582206910949mS since epoch
0,0,0,0,0, -  1582206911986mS since epoch
0,0,0,0,0, -  1582206913028mS since epoch
0,0,0,0,0, -  1582206914068mS since epoch
0,0,0,0,0, -  1582206915110mS since epoch
0,0,0,0,0, -  1582206916153mS since epoch
0,0,0,0,0, -  1582206917197mS since epoch
0,0,0,0,0, -  1582206918243mS since epoch
0,0,0,0,0, -  1582206919283mS since epoch
0,0,0,0,0, -  1582206920332mS since epoch
0,0,0,0,0, -  1582206921373mS since epoch
0,0,0,0,0, -  1582206922418mS since epoch
0,0,0,0,0, -  1582206923459mS since epoch
0,0,0,0,0, -  1582206924510mS since epoch
0,0,0,0,0, -  1582206925556mS since epoch
0,0,0,0,0, -  1582206926605mS since epoch
0,0,0,0,0, -  1582206927652mS since epoch
0,0,0,0,0, -  1582206928695mS since epoch
0,0,0,0,0, -  1582206929733mS since epoch
0,0,0,0,0, -  1582206930783mS since epoch
0,0,0,0,0, -  1582206931830mS since epoch
0,0,0,0,0, -  1582206932871mS since epoch
0,0,0,0,0, -  1582206933916mS since epoch
0,0,0,0,0, -  1582206934959mS since epoch
0,0,0,0,0, -  1582206935999mS since epoch
0,0,0,0,0, -  1582206937055mS since epoch
0,0,0,0,0, -  1582206938100mS since epoch
0,0,0,0,0, -  1582206939144mS since epoch
0,0,0,0,0, -  1582206940184mS since epoch
0,0,0,0,0, -  1582206941235mS since epoch
0,0,0,0,0, -  1582206942280mS since epoch
0,0,0,0,0, -  1582206943323mS since epoch
0,0,0,0,0, -  1582206944363mS since epoch
0,0,0,0,0, -  1582206945395mS since epoch
0,0,0,0,0, -  1582206946436mS since epoch
0,1,0,0,0, -  1582206947476mS since epoch
0,1,0,0,0, -  1582206948521mS since epoch
0,1,0,0,0, -  1582206949581mS since epoch
0,1,0,0,0, -  1582206950616mS since epoch
0,1,0,1,0, -  1582206951657mS since epoch
0,1,0,1,0, -  1582206952698mS since epoch
0,1,0,1,0, -  1582206953748mS since epoch
0,1,0,1,0, -  1582206954798mS since epoch
0,1,0,1,0, -  1582206955851mS since epoch
0,1,0,1,0, -  1582206956900mS since epoch
0,1,0,1,0, -  1582206957949mS since epoch
0,1,0,1,0, -  1582206958998mS since epoch
0,1,0,1,0, -  1582206960037mS since epoch
0,1,0,1,0, -  1582206961089mS since epoch
0,1,0,1,0, -  1582206962141mS since epoch
0,1,0,1,0, -  1582206963179mS since epoch
0,1,0,1,0, -  1582206964225mS since epoch
0,1,0,1,0, -  1582206965288mS since epoch
0,1,0,1,0, -  1582206966337mS since epoch
0,1,0,1,0, -  1582206967382mS since epoch
0,1,0,1,0, -  1582206968415mS since epoch
0,1,0,1,0, -  1582206969464mS since epoch
0,1,0,1,0, -  1582206970520mS since epoch
0,1,0,1,0, -  1582206971569mS since epoch
0,1,0,1,0, -  1582206972613mS since epoch
0,1,0,1,0, -  1582206973652mS since epoch
0,1,0,1,0, -  1582206974696mS since epoch
0,1,0,1,0, -  1582206975742mS since epoch
0,1,0,1,0, -  1582206976785mS since epoch
0,1,0,1,0, -  1582206977831mS since epoch
0,1,0,1,0, -  1582206978873mS since epoch
0,1,0,1,0, -  1582206979921mS since epoch
0,1,0,1,0, -  1582206980962mS since epoch
0,1,0,1,0, -  1582206982010mS since epoch
0,1,0,1,0, -  1582206983054mS since epoch
0,1,0,1,0, -  1582206984092mS since epoch
0,1,0,1,0, -  1582206985130mS since epoch
0,1,0,1,0, -  1582206986176mS since epoch
0,1,0,1,0, -  1582206987219mS since epoch
0,1,0,1,0, -  1582206988264mS since epoch
0,1,0,1,0, -  1582206989317mS since epoch
0,1,0,1,0, -  1582206990351mS since epoch
0,1,0,1,0, -  1582206991391mS since epoch
0,1,0,1,0, -  1582206992435mS since epoch
0,1,0,1,0, -  1582206993483mS since epoch
0,1,0,1,0, -  1582206994533mS since epoch
0,1,0,1,0, -  1582206995584mS since epoch
0,1,0,1,0, -  1582206996641mS since epoch
0,1,0,1,0, -  1582206997685mS since epoch
0,1,0,1,0, -  1582206998741mS since epoch
0,1,0,1,0, -  1582206999789mS since epoch
0,1,0,1,0, -  1582207000836mS since epoch
0,1,0,1,0, -  1582207001883mS since epoch
0,1,0,1,0, -  1582207002928mS since epoch
0,1,0,1,0, -  1582207003969mS since epoch
0,1,0,1,0, -  1582207005014mS since epoch
0,1,0,1,0, -  1582207006058mS since epoch
0,1,0,1,0, -  1582207007104mS since epoch
0,1,0,1,0, -  1582207008144mS since epoch
0,1,0,1,0, -  1582207009185mS since epoch
0,1,0,1,0, -  1582207010249mS since epoch
0,1,0,1,0, -  1582207011303mS since epoch
0,1,0,1,0, -  1582207012344mS since epoch
0,1,0,1,0, -  1582207013390mS since epoch
0,1,0,1,0, -  1582207014443mS since epoch
0,1,0,1,0, -  1582207015489mS since epoch
0,1,0,1,0, -  1582207016537mS since epoch
0,1,0,1,0, -  1582207017578mS since epoch
0,1,0,1,0, -  1582207018623mS since epoch
0,1,0,1,0, -  1582207019669mS since epoch
0,1,0,1,0, -  1582207020711mS since epoch
0,1,0,1,0, -  1582207021752mS since epoch
0,1,0,1,0, -  1582207022801mS since epoch
0,1,0,1,0, -  1582207023844mS since epoch
0,1,0,1,0, -  1582207024888mS since epoch
0,1,0,1,0, -  1582207025930mS since epoch
0,1,0,1,0, -  1582207026969mS since epoch
0,1,0,1,0, -  1582207028014mS since epoch
0,1,0,1,0, -  1582207029064mS since epoch
0,1,0,1,0, -  1582207030110mS since epoch
0,1,0,1,0, -  1582207031161mS since epoch
0,1,0,1,0, -  1582207032206mS since epoch
0,1,0,1,0, -  1582207033256mS since epoch
0,1,0,1,0, -  1582207034302mS since epoch
1,1,1,1,0, -  1582207035341mS since epoch
1,2,1,1,1, -  1582207036381mS since epoch
2,2,2,2,2, -  1582207037414mS since epoch
4,4,3,4,3, -  1582207038449mS since epoch
5,5,4,5,4, -  1582207039490mS since epoch
5,5,4,5,4, -  1582207040534mS since epoch
5,5,4,5,4, -  1582207041573mS since epoch
5,5,4,5,4, -  1582207042620mS since epoch
5,5,4,5,4, -  1582207043664mS since epoch
5,5,4,5,4, -  1582207044705mS since epoch
5,5,4,5,4, -  1582207045743mS since epoch
5,5,4,5,4, -  1582207046786mS since epoch
5,5,4,5,4, -  1582207047933mS since epoch
5,5,4,5,4, -  1582207048997mS since epoch
5,5,4,5,4, -  1582207050040mS since epoch
5,5,4,5,4, -  1582207051091mS since epoch
5,5,4,5,4, -  1582207052144mS since epoch
5,5,5,5,4, -  1582207053203mS since epoch
5,5,5,5,5, -  1582207054243mS since epoch
5,6,5,6,5, -  1582207055292mS since epoch
6,7,6,6,6, -  1582207056333mS since epoch
8,8,8,8,7, -  1582207057371mS since epoch
8,8,8,8,8, -  1582207058416mS since epoch
8,8,8,8,8, -  1582207059451mS since epoch
8,8,8,8,8, -  1582207060489mS since epoch
8,8,8,8,8, -  1582207061549mS since epoch
8,8,8,8,8, -  1582207062595mS since epoch
8,8,8,8,8, -  1582207063638mS since epoch
8,8,8,8,8, -  1582207064678mS since epoch
8,8,8,8,8, -  1582207065722mS since epoch
8,8,8,8,8, -  1582207066761mS since epoch
8,8,8,8,8, -  1582207067807mS since epoch
8,8,8,8,8, -  1582207068850mS since epoch
8,8,8,8,8, -  1582207069894mS since epoch
8,8,8,8,8, -  1582207070933mS since epoch
8,8,8,8,8, -  1582207071969mS since epoch
8,8,8,8,8, -  1582207073012mS since epoch
8,8,8,8,8, -  1582207074058mS since epoch
8,8,8,8,8, -  1582207075098mS since epoch
8,8,8,8,8, -  1582207076136mS since epoch
8,8,8,8,8, -  1582207077183mS since epoch
8,8,8,8,8, -  1582207078223mS since epoch
8,8,8,8,8, -  1582207079269mS since epoch
8,8,8,8,8, -  1582207080311mS since epoch
8,8,8,8,8, -  1582207081356mS since epoch
8,8,8,8,8, -  1582207082398mS since epoch
8,8,8,8,8, -  1582207083438mS since epoch
8,8,8,8,8, -  1582207084481mS since epoch
8,8,8,8,8, -  1582207085522mS since epoch
8,8,8,8,8, -  1582207086592mS since epoch
8,8,8,8,8, -  1582207087637mS since epoch
8,8,8,8,8, -  1582207088682mS since epoch
8,8,8,8,8, -  1582207089724mS since epoch
8,8,8,8,8, -  1582207090760mS since epoch
8,8,8,8,8, -  1582207091802mS since epoch
8,8,8,8,8, -  1582207092840mS since epoch
8,8,8,8,8, -  1582207093886mS since epoch
8,8,8,8,8, -  1582207094929mS since epoch
8,8,8,8,8, -  1582207095979mS since epoch
8,8,8,8,8, -  1582207097017mS since epoch
8,8,8,8,8, -  1582207098060mS since epoch
8,8,8,8,8, -  1582207099105mS since epoch
8,8,8,8,8, -  1582207100142mS since epoch
8,8,8,8,8, -  1582207101182mS since epoch
8,8,8,8,8, -  1582207102226mS since epoch
8,8,8,8,8, -  1582207103270mS since epoch
8,8,8,8,8, -  1582207104309mS since epoch
8,8,8,8,8, -  1582207105354mS since epoch
8,8,8,8,8, -  1582207106400mS since epoch
8,8,8,8,8, -  1582207107439mS since epoch
8,8,8,8,8, -  1582207108480mS since epoch
8,8,8,8,8, -  1582207109528mS since epoch
8,8,8,8,8, -  1582207110571mS since epoch
8,8,8,8,8, -  1582207111614mS since epoch
8,8,8,8,8, -  1582207112660mS since epoch
8,8,8,8,8, -  1582207113702mS since epoch
8,8,8,8,8, -  1582207114736mS since epoch
8,8,8,8,8, -  1582207115773mS since epoch
8,8,8,8,8, -  1582207116818mS since epoch
8,8,8,8,8, -  1582207117860mS since epoch
8,8,8,8,8, -  1582207118903mS since epoch
8,8,8,8,8, -  1582207119947mS since epoch
8,8,8,8,8, -  1582207120990mS since epoch
8,8,8,8,8, -  1582207122036mS since epoch
8,8,8,8,8, -  1582207123088mS since epoch
8,8,8,8,8, -  1582207124142mS since epoch
8,8,8,8,8, -  1582207125189mS since epoch
8,8,8,8,8, -  1582207126232mS since epoch
8,8,8,8,8, -  1582207127280mS since epoch
8,8,8,8,8, -  1582207128328mS since epoch
8,8,8,8,8, -  1582207129371mS since epoch
8,8,8,8,8, -  1582207130409mS since epoch
8,8,8,8,8, -  1582207131446mS since epoch
8,8,8,8,8, -  1582207132487mS since epoch
8,8,8,8,8, -  1582207133530mS since epoch
8,8,8,8,8, -  1582207134566mS since epoch
8,8,8,8,8, -  1582207135610mS since epoch
8,8,8,8,8, -  1582207136654mS since epoch
8,8,8,8,8, -  1582207137695mS since epoch
8,8,8,8,8, -  1582207138737mS since epoch
8,8,8,8,8, -  1582207139777mS since epoch
8,8,8,8,8, -  1582207140815mS since epoch
8,8,8,8,8, -  1582207141853mS since epoch
8,8,8,8,8, -  1582207142891mS since epoch
8,8,8,8,8, -  1582207143938mS since epoch
8,8,8,8,8, -  1582207144973mS since epoch
8,8,8,8,8, -  1582207146012mS since epoch
8,8,8,8,8, -  1582207147060mS since epoch
8,8,8,8,8, -  1582207148105mS since epoch
8,8,8,8,8, -  1582207149147mS since epoch
8,8,8,8,8, -  1582207150188mS since epoch
8,8,8,8,8, -  1582207151237mS since epoch
8,8,8,8,8, -  1582207152278mS since epoch
8,8,8,8,8, -  1582207153319mS since epoch
8,8,8,8,8, -  1582207154361mS since epoch
8,8,8,8,8, -  1582207155407mS since epoch
8,8,8,8,8, -  1582207156450mS since epoch
8,8,8,8,8, -  1582207157506mS since epoch
8,8,8,8,8, -  1582207158559mS since epoch
8,8,8,8,8, -  1582207159605mS since epoch
8,8,8,8,8, -  1582207160653mS since epoch
8,8,8,8,8, -  1582207161693mS since epoch
8,8,8,8,8, -  1582207162732mS since epoch
8,8,8,8,8, -  1582207163766mS since epoch
8,8,8,8,8, -  1582207164820mS since epoch
8,8,8,8,8, -  1582207165858mS since epoch
8,8,8,8,8, -  1582207166904mS since epoch
8,8,8,8,8, -  1582207167946mS since epoch
8,8,8,8,8, -  1582207168990mS since epoch
8,8,8,8,8, -  1582207170035mS since epoch
8,8,8,8,8, -  1582207171078mS since epoch
8,8,8,8,8, -  1582207172121mS since epoch
8,8,8,8,8, -  1582207173166mS since epoch
8,8,8,8,8, -  1582207174212mS since epoch
8,8,8,8,8, -  1582207175251mS since epoch
8,8,8,8,8, -  1582207176295mS since epoch
8,8,8,8,8, -  1582207177339mS since epoch
8,8,8,8,8, -  1582207178390mS since epoch
8,8,8,8,8, -  1582207179435mS since epoch
8,8,8,8,8, -  1582207180476mS since epoch
8,8,8,8,8, -  1582207181518mS since epoch
8,8,8,8,8, -  1582207182564mS since epoch
8,8,8,8,8, -  1582207183605mS since epoch
8,8,8,8,8, -  1582207184652mS since epoch
8,8,8,8,8, -  1582207185698mS since epoch
8,8,8,8,8, -  1582207186737mS since epoch
8,8,8,8,8, -  1582207187791mS since epoch
8,8,8,8,8, -  1582207188840mS since epoch
8,8,8,8,8, -  1582207189886mS since epoch
8,8,8,8,8, -  1582207190933mS since epoch
8,8,8,8,8, -  1582207191967mS since epoch
8,8,8,8,8, -  1582207193012mS since epoch
8,8,8,8,8, -  1582207194056mS since epoch
8,8,8,8,8, -  1582207195103mS since epoch
8,8,8,8,8, -  1582207196151mS since epoch
8,8,8,8,8, -  1582207197194mS since epoch
8,8,8,8,8, -  1582207198239mS since epoch
8,8,8,8,8, -  1582207199277mS since epoch
8,8,8,8,8, -  1582207200317mS since epoch
8,8,8,8,8, -  1582207201360mS since epoch
8,8,8,8,8, -  1582207202399mS since epoch
8,8,8,8,8, -  1582207203439mS since epoch
8,8,8,8,8, -  1582207204484mS since epoch
8,8,8,8,8, -  1582207205524mS since epoch
8,8,8,8,8, -  1582207206564mS since epoch
8,8,8,8,8, -  1582207207607mS since epoch
8,8,8,8,8, -  1582207208654mS since epoch
8,8,8,8,8, -  1582207209699mS since epoch
8,8,8,8,8, -  1582207210743mS since epoch
8,8,8,8,8, -  1582207211779mS since epoch
8,8,8,8,8, -  1582207212819mS since epoch
8,8,8,8,8, -  1582207213863mS since epoch
8,8,8,8,8, -  1582207214905mS since epoch
8,8,8,8,8, -  1582207215947mS since epoch
8,8,8,8,8, -  1582207216995mS since epoch
8,8,8,8,8, -  1582207218036mS since epoch
8,8,8,8,8, -  1582207219073mS since epoch
8,8,8,8,8, -  1582207220109mS since epoch
8,8,8,8,8, -  1582207221151mS since epoch
8,8,8,8,8, -  1582207222195mS since epoch
8,8,8,8,8, -  1582207223240mS since epoch
8,8,8,8,8, -  1582207224300mS since epoch
8,8,8,8,8, -  1582207225347mS since epoch
8,8,8,8,8, -  1582207226390mS since epoch
8,8,8,8,8, -  1582207227438mS since epoch
8,8,8,8,8, -  1582207228475mS since epoch
8,8,8,8,8, -  1582207229522mS since epoch
8,8,8,8,8, -  1582207230572mS since epoch
8,8,8,8,8, -  1582207231620mS since epoch
8,8,8,8,8, -  1582207232660mS since epoch
8,8,8,8,8, -  1582207233704mS since epoch
8,8,8,8,8, -  1582207234739mS since epoch
8,8,8,8,8, -  1582207235782mS since epoch
8,8,8,8,8, -  1582207236821mS since epoch
8,8,8,8,8, -  1582207237866mS since epoch
8,8,8,8,8, -  1582207238904mS since epoch
8,8,8,8,8, -  1582207239953mS since epoch
8,8,8,8,8, -  1582207240985mS since epoch
8,8,8,8,8, -  1582207242023mS since epoch
8,8,8,8,8, -  1582207243072mS since epoch
8,8,8,8,8, -  1582207244112mS since epoch
8,8,8,8,8, -  1582207245159mS since epoch
8,8,8,8,8, -  1582207246205mS since epoch
8,8,8,8,8, -  1582207247244mS since epoch
8,8,8,8,8, -  1582207248289mS since epoch
8,8,8,8,8, -  1582207249326mS since epoch
8,8,8,8,8, -  1582207250368mS since epoch
8,8,8,8,8, -  1582207251413mS since epoch
8,8,8,8,8, -  1582207252474mS since epoch
8,8,8,8,8, -  1582207253530mS since epoch
8,8,8,8,8, -  1582207254576mS since epoch
8,8,8,8,8, -  1582207255616mS since epoch
8,8,8,8,8, -  1582207256665mS since epoch
8,8,8,8,8, -  1582207257705mS since epoch
8,8,8,8,8, -  1582207258750mS since epoch
8,8,8,8,8, -  1582207259799mS since epoch
8,8,8,8,8, -  1582207260842mS since epoch
8,8,8,8,8, -  1582207261883mS since epoch
8,8,8,8,8, -  1582207262929mS since epoch
8,8,8,8,8, -  1582207263974mS since epoch
8,8,8,8,8, -  1582207265019mS since epoch
8,8,8,8,8, -  1582207266062mS since epoch
8,8,8,8,8, -  1582207267103mS since epoch
8,8,8,8,8, -  1582207268149mS since epoch
8,8,8,8,8, -  1582207269194mS since epoch
8,8,8,8,8, -  1582207270236mS since epoch
8,8,8,8,8, -  1582207271284mS since epoch
8,8,8,8,8, -  1582207272322mS since epoch
8,8,8,8,8, -  1582207273384mS since epoch
8,8,8,8,8, -  1582207274427mS since epoch
8,8,8,8,8, -  1582207275469mS since epoch
8,8,8,8,8, -  1582207276509mS since epoch
8,8,8,8,8, -  1582207277561mS since epoch
8,8,8,8,8, -  1582207278608mS since epoch
8,8,8,8,8, -  1582207279652mS since epoch
8,8,8,8,8, -  1582207280702mS since epoch
8,8,8,8,8, -  1582207281746mS since epoch
8,8,8,8,8, -  1582207282785mS since epoch
8,8,8,8,8, -  1582207283825mS since epoch
8,8,8,8,8, -  1582207284868mS since epoch
8,8,8,8,8, -  1582207285917mS since epoch
8,8,8,8,8, -  1582207286964mS since epoch
8,8,8,8,8, -  1582207288004mS since epoch
8,8,8,8,8, -  1582207289052mS since epoch
8,8,8,8,8, -  1582207290100mS since epoch
8,8,8,8,8, -  1582207291137mS since epoch
8,8,8,8,8, -  1582207292175mS since epoch
8,8,8,8,8, -  1582207293213mS since epoch
8,8,8,8,8, -  1582207294250mS since epoch
8,8,8,8,8, -  1582207295291mS since epoch
8,8,8,8,8, -  1582207296332mS since epoch
8,8,8,8,8, -  1582207297378mS since epoch
8,8,8,8,8, -  1582207298419mS since epoch
8,8,8,8,8, -  1582207299460mS since epoch
8,8,8,8,8, -  1582207300498mS since epoch
8,8,8,8,8, -  1582207301541mS since epoch
8,8,8,8,8, -  1582207302582mS since epoch
8,8,8,8,8, -  1582207303628mS since epoch
8,8,8,8,8, -  1582207304674mS since epoch
8,8,8,8,8, -  1582207305719mS since epoch
8,8,8,8,8, -  1582207306769mS since epoch
8,8,8,8,8, -  1582207307807mS since epoch
8,8,8,8,8, -  1582207308847mS since epoch
8,8,8,8,8, -  1582207309890mS since epoch
8,8,8,8,8, -  1582207310942mS since epoch
8,8,8,8,8, -  1582207311988mS since epoch
8,8,8,8,8, -  1582207313040mS since epoch
8,8,8,8,8, -  1582207314080mS since epoch
8,8,8,8,8, -  1582207315126mS since epoch
8,8,8,8,8, -  1582207316166mS since epoch
8,8,8,8,8, -  1582207317204mS since epoch
8,8,8,8,8, -  1582207318248mS since epoch
8,8,8,8,8, -  1582207319288mS since epoch
8,8,8,8,8, -  1582207320330mS since epoch
8,8,8,8,8, -  1582207321368mS since epoch
8,8,8,8,8, -  1582207322410mS since epoch
8,8,8,8,8, -  1582207323454mS since epoch
8,8,8,8,8, -  1582207324500mS since epoch
8,8,8,8,8, -  1582207325543mS since epoch
8,8,8,8,8, -  1582207326588mS since epoch
8,8,8,8,8, -  1582207327632mS since epoch
8,8,8,8,8, -  1582207328673mS since epoch
8,8,8,8,8, -  1582207329712mS since epoch
8,8,8,8,8, -  1582207330756mS since epoch
8,8,8,8,8, -  1582207331795mS since epoch
8,8,8,8,8, -  1582207332837mS since epoch
8,8,8,8,8, -  1582207333876mS since epoch
8,8,8,8,8, -  1582207334921mS since epoch
8,8,8,8,8, -  1582207335957mS since epoch
8,8,8,8,8, -  1582207337001mS since epoch
8,8,8,8,8, -  1582207338044mS since epoch
8,8,8,8,8, -  1582207339085mS since epoch
8,8,8,8,8, -  1582207340125mS since epoch
8,8,8,8,8, -  1582207341164mS since epoch
8,8,8,8,8, -  1582207342209mS since epoch
8,8,8,8,8, -  1582207343258mS since epoch
8,8,8,8,8, -  1582207344302mS since epoch
8,8,8,8,8, -  1582207345343mS since epoch
8,8,8,8,8, -  1582207346381mS since epoch
8,8,8,8,8, -  1582207347437mS since epoch
8,8,8,8,8, -  1582207348480mS since epoch
8,8,8,8,8, -  1582207349530mS since epoch
8,8,8,8,8, -  1582207350573mS since epoch
8,8,8,8,8, -  1582207351613mS since epoch
8,8,8,8,8, -  1582207352648mS since epoch
8,8,8,8,8, -  1582207353689mS since epoch
8,8,8,8,8, -  1582207354730mS since epoch
8,8,8,8,8, -  1582207355770mS since epoch
8,8,8,8,8, -  1582207356813mS since epoch
8,8,8,8,8, -  1582207357861mS since epoch
8,8,8,8,8, -  1582207358903mS since epoch
8,8,8,8,8, -  1582207359949mS since epoch
8,8,8,8,8, -  1582207360994mS since epoch
8,8,8,8,8, -  1582207362036mS since epoch
8,8,8,8,8, -  1582207363080mS since epoch
8,8,8,8,8, -  1582207364118mS since epoch
8,8,8,8,8, -  1582207365154mS since epoch
8,8,8,8,8, -  1582207366200mS since epoch
8,8,8,8,8, -  1582207367239mS since epoch
8,8,8,8,8, -  1582207368275mS since epoch
8,8,8,8,8, -  1582207369323mS since epoch
8,8,8,8,8, -  1582207370371mS since epoch
8,8,8,8,8, -  1582207371415mS since epoch
8,8,8,8,8, -  1582207372457mS since epoch
8,8,8,8,8, -  1582207373496mS since epoch
8,8,8,8,8, -  1582207374538mS since epoch
8,8,8,8,8, -  1582207375581mS since epoch
8,8,8,8,8, -  1582207376625mS since epoch
8,8,8,8,8, -  1582207377669mS since epoch
8,8,8,8,8, -  1582207378711mS since epoch
8,8,8,8,8, -  1582207379779mS since epoch
8,8,8,8,8, -  1582207380834mS since epoch
8,8,8,8,8, -  1582207381880mS since epoch
8,8,8,8,8, -  1582207382922mS since epoch
8,8,8,8,8, -  1582207383961mS since epoch
8,8,8,8,8, -  1582207385005mS since epoch
8,8,8,8,8, -  1582207386048mS since epoch
8,8,8,8,8, -  1582207387096mS since epoch
8,8,8,8,8, -  1582207388137mS since epoch
8,8,8,8,8, -  1582207389178mS since epoch
8,8,8,8,8, -  1582207390226mS since epoch
8,8,8,8,8, -  1582207391268mS since epoch
8,8,8,8,8, -  1582207392314mS since epoch
8,8,8,8,8, -  1582207393352mS since epoch
8,8,8,8,8, -  1582207394391mS since epoch
8,8,8,8,8, -  1582207395432mS since epoch
8,8,8,8,8, -  1582207396480mS since epoch
8,8,8,8,8, -  1582207397516mS since epoch
8,8,8,8,8, -  1582207398554mS since epoch
8,8,8,8,8, -  1582207399593mS since epoch
8,8,8,8,8, -  1582207400643mS since epoch
8,8,8,8,8, -  1582207401694mS since epoch
8,8,8,8,8, -  1582207402743mS since epoch
8,8,8,8,8, -  1582207403783mS since epoch
8,8,8,8,8, -  1582207404829mS since epoch
8,8,8,8,8, -  1582207405876mS since epoch
8,8,8,8,8, -  1582207406923mS since epoch
8,8,8,8,8, -  1582207407973mS since epoch
8,8,8,8,8, -  1582207409006mS since epoch
8,8,8,8,8, -  1582207410049mS since epoch
8,8,8,8,8, -  1582207411093mS since epoch
8,8,8,8,8, -  1582207412138mS since epoch
8,8,8,8,8, -  1582207413184mS since epoch
8,8,8,8,8, -  1582207414224mS since epoch
8,8,8,8,8, -  1582207415262mS since epoch
8,8,8,8,8, -  1582207416300mS since epoch
8,8,8,8,8, -  1582207417337mS since epoch
8,8,8,8,8, -  1582207418376mS since epoch
8,8,8,8,8, -  1582207419417mS since epoch
8,8,8,8,8, -  1582207420464mS since epoch
8,8,8,8,8, -  1582207421504mS since epoch
8,8,8,8,8, -  1582207422545mS since epoch
8,8,8,8,8, -  1582207423581mS since epoch
8,8,8,8,8, -  1582207424618mS since epoch
8,8,8,8,8, -  1582207425658mS since epoch
8,8,8,8,8, -  1582207426700mS since epoch
8,8,8,8,8, -  1582207427736mS since epoch
8,8,8,8,8, -  1582207428780mS since epoch
8,8,8,8,8, -  1582207429821mS since epoch
8,8,8,8,8, -  1582207430874mS since epoch
8,8,8,8,8, -  1582207431915mS since epoch
8,8,8,8,8, -  1582207432955mS since epoch
8,8,8,8,8, -  1582207434002mS since epoch
8,8,8,8,8, -  1582207435047mS since epoch
8,8,8,8,8, -  1582207436090mS since epoch
8,8,8,8,8, -  1582207437138mS since epoch
8,8,8,8,8, -  1582207438181mS since epoch
8,8,8,8,8, -  1582207439227mS since epoch
8,8,8,8,8, -  1582207440278mS since epoch
8,8,8,8,8, -  1582207441325mS since epoch
8,8,8,8,8, -  1582207442366mS since epoch
8,8,8,8,8, -  1582207443422mS since epoch
8,8,8,8,8, -  1582207444460mS since epoch
8,8,8,8,8, -  1582207445510mS since epoch
8,8,8,8,8, -  1582207446551mS since epoch
8,8,8,8,8, -  1582207447595mS since epoch
8,8,8,8,8, -  1582207448638mS since epoch
8,8,8,8,8, -  1582207449682mS since epoch
8,8,8,8,8, -  1582207450726mS since epoch
8,8,8,8,8, -  1582207451760mS since epoch
8,8,8,8,8, -  1582207452795mS since epoch
8,8,8,8,8, -  1582207453840mS since epoch
8,8,8,8,8, -  1582207454880mS since epoch
8,8,8,8,8, -  1582207455920mS since epoch
8,8,8,8,8, -  1582207456961mS since epoch
8,8,8,8,8, -  1582207458011mS since epoch
8,8,8,8,8, -  1582207459059mS since epoch
8,8,8,8,8, -  1582207460101mS since epoch
8,8,8,8,8, -  1582207461137mS since epoch
8,8,8,8,8, -  1582207462187mS since epoch
8,8,8,8,8, -  1582207463231mS since epoch
8,8,8,8,8, -  1582207464294mS since epoch
8,8,8,8,8, -  1582207465332mS since epoch
8,8,8,8,8, -  1582207466375mS since epoch
8,8,8,8,8, -  1582207467418mS since epoch
8,8,8,8,8, -  1582207468463mS since epoch
8,8,8,8,8, -  1582207469507mS since epoch
8,8,8,8,8, -  1582207470550mS since epoch
8,8,8,8,8, -  1582207471598mS since epoch
8,8,8,8,8, -  1582207472644mS since epoch
8,8,8,8,8, -  1582207473686mS since epoch
8,8,8,8,8, -  1582207474729mS since epoch
8,8,8,8,8, -  1582207475769mS since epoch
8,8,8,8,8, -  1582207476803mS since epoch
8,8,8,8,8, -  1582207477845mS since epoch
8,8,8,8,8, -  1582207478892mS since epoch
8,8,8,8,8, -  1582207479937mS since epoch
8,8,8,8,8, -  1582207480978mS since epoch
8,8,8,8,8, -  1582207482022mS since epoch
8,8,8,8,8, -  1582207483068mS since epoch
8,8,8,8,8, -  1582207484111mS since epoch
8,8,8,8,8, -  1582207485154mS since epoch
8,8,8,8,8, -  1582207486193mS since epoch
8,8,8,8,8, -  1582207487231mS since epoch
8,8,8,8,8, -  1582207488276mS since epoch
8,8,8,8,8, -  1582207489322mS since epoch
8,8,8,8,8, -  1582207490363mS since epoch
8,8,8,8,8, -  1582207491409mS since epoch
8,8,8,8,8, -  1582207492464mS since epoch
8,8,8,8,8, -  1582207493543mS since epoch
8,8,8,8,8, -  1582207494591mS since epoch
8,8,8,8,8, -  1582207495637mS since epoch
8,8,8,8,8, -  1582207496683mS since epoch
8,8,8,8,8, -  1582207497728mS since epoch
8,8,8,8,8, -  1582207498770mS since epoch
8,8,8,8,8, -  1582207499807mS since epoch
8,8,8,8,8, -  1582207500848mS since epoch
8,8,8,8,8, -  1582207501895mS since epoch
8,8,8,8,8, -  1582207502942mS since epoch
8,8,8,8,8, -  1582207503988mS since epoch
8,8,8,8,8, -  1582207505035mS since epoch
8,8,8,8,8, -  1582207506076mS since epoch
8,8,8,8,8, -  1582207507119mS since epoch
8,8,8,8,8, -  1582207508161mS since epoch
8,8,8,8,8, -  1582207509203mS since epoch
8,8,8,8,8, -  1582207510244mS since epoch
8,8,8,8,8, -  1582207511280mS since epoch
8,8,8,8,8, -  1582207512322mS since epoch
8,8,8,8,8, -  1582207513364mS since epoch
8,8,8,8,8, -  1582207514404mS since epoch
8,8,8,8,8, -  1582207515447mS since epoch
8,8,8,8,8, -  1582207516482mS since epoch
8,8,8,8,8, -  1582207517530mS since epoch
8,8,8,8,8, -  1582207518567mS since epoch
8,8,8,8,8, -  1582207519603mS since epoch
8,8,8,8,8, -  1582207520645mS since epoch
8,8,8,8,8, -  1582207521683mS since epoch
8,8,8,8,8, -  1582207522729mS since epoch
8,8,8,8,8, -  1582207523775mS since epoch
8,8,8,8,8, -  1582207524818mS since epoch
8,8,8,8,8, -  1582207525860mS since epoch
8,8,8,8,8, -  1582207526907mS since epoch
8,8,8,8,8, -  1582207527950mS since epoch
8,8,8,8,8, -  1582207528992mS since epoch
8,8,8,8,8, -  1582207530038mS since epoch
8,8,8,8,8, -  1582207531085mS since epoch
8,8,8,8,8, -  1582207532126mS since epoch
8,8,8,8,8, -  1582207533172mS since epoch
8,8,8,8,8, -  1582207534212mS since epoch
8,8,8,8,8, -  1582207535252mS since epoch
8,8,8,8,8, -  1582207536303mS since epoch
8,8,8,8,8, -  1582207537342mS since epoch
8,8,8,8,8, -  1582207538393mS since epoch
8,8,8,8,8, -  1582207539436mS since epoch
8,8,8,8,8, -  1582207540488mS since epoch
8,8,8,8,8, -  1582207541530mS since epoch
8,8,8,8,8, -  1582207542578mS since epoch
8,8,8,8,8, -  1582207543618mS since epoch
8,8,8,8,8, -  1582207544662mS since epoch
8,8,8,8,8, -  1582207545703mS since epoch
8,8,8,8,8, -  1582207546746mS since epoch
8,8,8,8,8, -  1582207547782mS since epoch
8,8,8,8,8, -  1582207548831mS since epoch
8,8,8,8,8, -  1582207549875mS since epoch
8,8,8,8,8, -  1582207550918mS since epoch
8,8,8,8,8, -  1582207551963mS since epoch
8,8,8,8,8, -  1582207553005mS since epoch
8,8,8,8,8, -  1582207554050mS since epoch
8,8,8,8,8, -  1582207555096mS since epoch
8,8,8,8,8, -  1582207556133mS since epoch
8,8,8,8,8, -  1582207557182mS since epoch
8,8,8,8,8, -  1582207558228mS since epoch
8,8,8,8,8, -  1582207559268mS since epoch
8,8,8,8,8, -  1582207560324mS since epoch
8,8,8,8,8, -  1582207561369mS since epoch
8,8,8,8,8, -  1582207562411mS since epoch
8,8,8,8,8, -  1582207563457mS since epoch
8,8,8,8,8, -  1582207564499mS since epoch
8,8,8,8,8, -  1582207565545mS since epoch
8,8,8,8,8, -  1582207566587mS since epoch
8,8,8,8,8, -  1582207567628mS since epoch
8,8,8,8,8, -  1582207568672mS since epoch
8,8,8,8,8, -  1582207569709mS since epoch
8,8,8,8,8, -  1582207570749mS since epoch
8,8,8,8,8, -  1582207571788mS since epoch
8,8,8,8,8, -  1582207572824mS since epoch
8,8,8,8,8, -  1582207573864mS since epoch
8,8,8,8,8, -  1582207574906mS since epoch
8,8,8,8,8, -  1582207575956mS since epoch
8,8,8,8,8, -  1582207576992mS since epoch
8,8,8,8,8, -  1582207578041mS since epoch
8,8,8,8,8, -  1582207579085mS since epoch
8,8,8,8,8, -  1582207580131mS since epoch
8,8,8,8,8, -  1582207581170mS since epoch
8,8,8,8,8, -  1582207582208mS since epoch
8,8,8,8,8, -  1582207583250mS since epoch
8,8,8,8,8, -  1582207584297mS since epoch
8,8,8,8,8, -  1582207585333mS since epoch
8,8,8,8,8, -  1582207586376mS since epoch
8,8,8,8,8, -  1582207587417mS since epoch
8,8,8,8,8, -  1582207588459mS since epoch
8,8,8,8,8, -  1582207589501mS since epoch
8,8,8,8,8, -  1582207590539mS since epoch
8,8,8,8,8, -  1582207591581mS since epoch
8,8,8,8,8, -  1582207592626mS since epoch
8,8,8,8,8, -  1582207593669mS since epoch
8,8,8,8,8, -  1582207594716mS since epoch
8,8,8,8,8, -  1582207595759mS since epoch
8,8,8,8,8, -  1582207596818mS since epoch
8,8,8,8,8, -  1582207597860mS since epoch
8,8,8,8,8, -  1582207598899mS since epoch
8,8,8,8,8, -  1582207599937mS since epoch
8,8,8,8,8, -  1582207600981mS since epoch
8,8,8,8,8, -  1582207602025mS since epoch
8,8,8,8,8, -  1582207603066mS since epoch
8,8,8,8,8, -  1582207604107mS since epoch
8,8,8,8,8, -  1582207605146mS since epoch
8,8,8,8,8, -  1582207606186mS since epoch
8,8,8,8,8, -  1582207607241mS since epoch
8,8,8,8,8, -  1582207608287mS since epoch
8,8,8,8,8, -  1582207609331mS since epoch
8,8,8,8,8, -  1582207610384mS since epoch
8,8,8,8,8, -  1582207611423mS since epoch
8,8,8,8,8, -  1582207612476mS since epoch
8,8,8,8,8, -  1582207613521mS since epoch
8,8,8,8,8, -  1582207614561mS since epoch
8,8,8,8,8, -  1582207615606mS since epoch
8,8,8,8,8, -  1582207616656mS since epoch
8,8,8,8,8, -  1582207617698mS since epoch
8,8,8,8,8, -  1582207618742mS since epoch
8,8,8,8,8, -  1582207619782mS since epoch
8,8,8,8,8, -  1582207620826mS since epoch
8,8,8,8,8, -  1582207621866mS since epoch
8,8,8,8,8, -  1582207622916mS since epoch
8,8,8,8,8, -  1582207623962mS since epoch
8,8,8,8,8, -  1582207625003mS since epoch
8,8,8,8,8, -  1582207626044mS since epoch
8,8,8,8,8, -  1582207627089mS since epoch
8,8,8,8,8, -  1582207628125mS since epoch
8,8,8,8,8, -  1582207629165mS since epoch
8,8,8,8,8, -  1582207630213mS since epoch
8,8,8,8,8, -  1582207631251mS since epoch
8,8,8,8,8, -  1582207632288mS since epoch
8,8,8,8,8, -  1582207633330mS since epoch
8,8,8,8,8, -  1582207634379mS since epoch
8,8,8,8,8, -  1582207635423mS since epoch
8,8,8,8,8, -  1582207636467mS since epoch
8,8,8,8,8, -  1582207637518mS since epoch
8,8,8,8,8, -  1582207638558mS since epoch
8,8,8,8,8, -  1582207639593mS since epoch
8,8,8,8,8, -  1582207640637mS since epoch
8,8,8,8,8, -  1582207641672mS since epoch
8,8,8,8,8, -  1582207642730mS since epoch
8,8,8,8,8, -  1582207643781mS since epoch
8,8,8,8,8, -  1582207644827mS since epoch
8,8,8,8,8, -  1582207645868mS since epoch
8,8,8,8,8, -  1582207646914mS since epoch
8,8,8,8,8, -  1582207647954mS since epoch
8,8,8,8,8, -  1582207649002mS since epoch
8,8,8,8,8, -  1582207650044mS since epoch
8,8,8,8,8, -  1582207651092mS since epoch
8,8,8,8,8, -  1582207652134mS since epoch
8,8,8,8,8, -  1582207653180mS since epoch
8,8,8,8,8, -  1582207654225mS since epoch
8,8,8,8,8, -  1582207655267mS since epoch
8,8,8,8,8, -  1582207656327mS since epoch
8,8,8,8,8, -  1582207657399mS since epoch
8,8,8,8,8, -  1582207658462mS since epoch
8,8,8,8,8, -  1582207659511mS since epoch
8,8,8,8,8, -  1582207660554mS since epoch
8,8,8,8,8, -  1582207661596mS since epoch
8,8,8,8,8, -  1582207662641mS since epoch
8,8,8,8,8, -  1582207663688mS since epoch
8,8,8,8,8, -  1582207664728mS since epoch
8,8,8,8,8, -  1582207665772mS since epoch
8,8,8,8,8, -  1582207666814mS since epoch
8,8,8,8,8, -  1582207667854mS since epoch
8,8,8,8,8, -  1582207668900mS since epoch
8,8,8,8,8, -  1582207669948mS since epoch
8,8,8,8,8, -  1582207670990mS since epoch
8,8,8,8,8, -  1582207672028mS since epoch
8,8,8,8,8, -  1582207673072mS since epoch
8,8,8,8,8, -  1582207674117mS since epoch
8,8,8,8,8, -  1582207675162mS since epoch
8,8,8,8,8, -  1582207676206mS since epoch
8,8,8,8,8, -  1582207677252mS since epoch
8,8,8,8,8, -  1582207678294mS since epoch
8,8,8,8,8, -  1582207679338mS since epoch
8,8,8,8,7, -  1582207680378mS since epoch
8,6,8,8,7, -  1582207681420mS since epoch
8,6,8,8,7, -  1582207682459mS since epoch
7,6,8,8,7, -  1582207683506mS since epoch
7,6,8,8,7, -  1582207684559mS since epoch
7,6,8,8,6, -  1582207685604mS since epoch
7,6,8,8,6, -  1582207686649mS since epoch
7,6,8,8,6, -  1582207687692mS since epoch
5,5,7,8,6, -  1582207688737mS since epoch
5,4,6,8,6, -  1582207689781mS since epoch
5,4,6,6,5, -  1582207690823mS since epoch
5,4,6,6,4, -  1582207691867mS since epoch
5,4,6,5,4, -  1582207692914mS since epoch
5,4,6,5,4, -  1582207693958mS since epoch
5,4,6,5,4, -  1582207695003mS since epoch
5,4,6,3,4, -  1582207696045mS since epoch
5,4,6,3,4, -  1582207697087mS since epoch
4,4,6,3,4, -  1582207698127mS since epoch
4,4,6,3,4, -  1582207699177mS since epoch
4,4,5,3,3, -  1582207700220mS since epoch
3,3,5,2,3, -  1582207701261mS since epoch
3,3,4,2,3, -  1582207702300mS since epoch
3,3,4,2,2, -  1582207703347mS since epoch
3,3,4,2,2, -  1582207704392mS since epoch
3,3,3,2,1, -  1582207705434mS since epoch
3,3,3,2,1, -  1582207706472mS since epoch
3,3,3,2,1, -  1582207707513mS since epoch
3,3,3,2,1, -  1582207708555mS since epoch
3,3,3,2,1, -  1582207709598mS since epoch
2,3,3,2,1, -  1582207710638mS since epoch
2,3,3,2,1, -  1582207711682mS since epoch
2,3,3,2,1, -  1582207712726mS since epoch
2,3,3,2,1, -  1582207713771mS since epoch
2,3,3,2,1, -  1582207714811mS since epoch
2,3,3,2,1, -  1582207715859mS since epoch
2,3,3,2,1, -  1582207716897mS since epoch
2,3,3,2,1, -  1582207717938mS since epoch
2,3,3,2,1, -  1582207718976mS since epoch
2,3,3,2,1, -  1582207720016mS since epoch
1,3,3,2,1, -  1582207721058mS since epoch
1,3,3,2,1, -  1582207722108mS since epoch
1,3,3,2,1, -  1582207723148mS since epoch
1,3,3,2,1, -  1582207724185mS since epoch
1,3,2,2,1, -  1582207725216mS since epoch
1,3,1,2,1, -  1582207726256mS since epoch
1,3,1,2,1, -  1582207727296mS since epoch
1,3,1,2,1, -  1582207728337mS since epoch
1,3,1,2,1, -  1582207729374mS since epoch
1,2,1,1,1, -  1582207730418mS since epoch
1,2,1,1,1, -  1582207731458mS since epoch
1,2,1,1,1, -  1582207732497mS since epoch
1,2,1,1,1, -  1582207733545mS since epoch
1,2,1,1,1, -  1582207734586mS since epoch
1,2,1,1,1, -  1582207735630mS since epoch
1,2,1,1,1, -  1582207736673mS since epoch
1,2,1,1,1, -  1582207737716mS since epoch
1,2,1,1,1, -  1582207738763mS since epoch
1,2,1,1,1, -  1582207739812mS since epoch
1,2,1,1,1, -  1582207740848mS since epoch
1,2,1,1,1, -  1582207741887mS since epoch
1,2,1,1,1, -  1582207742926mS since epoch
1,2,1,1,1, -  1582207743965mS since epoch
1,2,1,1,1, -  1582207745007mS since epoch
1,2,1,1,0, -  1582207746063mS since epoch
1,2,1,1,0, -  1582207747105mS since epoch
1,2,1,1,0, -  1582207748147mS since epoch
1,2,1,1,0, -  1582207749189mS since epoch
1,2,1,1,0, -  1582207750227mS since epoch
1,2,1,1,0, -  1582207751273mS since epoch
1,2,1,1,0, -  1582207752314mS since epoch
1,2,1,1,0, -  1582207753358mS since epoch
1,2,1,1,0, -  1582207754397mS since epoch
1,2,1,1,0, -  1582207755437mS since epoch
1,2,1,1,0, -  1582207756475mS since epoch
1,2,1,1,0, -  1582207757518mS since epoch
1,2,1,1,0, -  1582207758568mS since epoch
1,2,1,1,0, -  1582207759610mS since epoch
1,2,1,1,0, -  1582207760649mS since epoch
1,2,1,1,0, -  1582207761692mS since epoch
1,2,1,1,0, -  1582207762738mS since epoch
1,2,1,1,0, -  1582207763782mS since epoch
1,2,1,1,0, -  1582207764824mS since epoch
0,2,1,1,0, -  1582207765865mS since epoch
0,2,1,1,0, -  1582207766905mS since epoch
0,2,1,1,0, -  1582207767949mS since epoch
0,2,1,1,0, -  1582207768993mS since epoch
0,2,1,1,0, -  1582207770038mS since epoch
0,0,1,1,0, -  1582207771071mS since epoch
0,0,1,1,0, -  1582207772118mS since epoch
0,0,1,1,0, -  1582207773155mS since epoch
0,0,1,1,0, -  1582207774196mS since epoch
0,0,1,1,0, -  1582207775237mS since epoch
0,0,1,1,0, -  1582207776278mS since epoch
0,0,1,1,0, -  1582207777319mS since epoch
0,0,1,1,0, -  1582207778359mS since epoch
0,0,1,1,0, -  1582207779409mS since epoch
0,0,1,1,0, -  1582207780464mS since epoch
0,0,1,1,0, -  1582207781506mS since epoch
0,0,1,1,0, -  1582207782555mS since epoch
0,0,1,1,0, -  1582207783603mS since epoch
0,0,1,1,0, -  1582207784645mS since epoch
0,0,1,1,0, -  1582207785682mS since epoch
0,0,1,1,0, -  1582207786729mS since epoch
0,0,1,1,0, -  1582207787769mS since epoch
0,0,1,1,0, -  1582207788808mS since epoch
0,0,1,1,0, -  1582207789852mS since epoch
0,0,1,1,0, -  1582207790896mS since epoch
0,0,1,1,0, -  1582207791946mS since epoch
0,0,1,1,0, -  1582207792990mS since epoch
0,0,1,1,0, -  1582207794029mS since epoch
0,0,1,1,0, -  1582207795072mS since epoch
0,0,1,1,0, -  1582207796109mS since epoch
0,0,1,1,0, -  1582207797156mS since epoch
0,0,1,1,0, -  1582207798200mS since epoch
0,0,1,1,0, -  1582207799245mS since epoch
0,0,1,1,0, -  1582207800288mS since epoch
0,0,1,1,0, -  1582207801325mS since epoch
0,0,1,1,0, -  1582207802365mS since epoch
0,0,1,1,0, -  1582207803409mS since epoch
0,0,1,1,0, -  1582207804454mS since epoch
0,0,1,1,0, -  1582207805494mS since epoch
0,0,1,1,0, -  1582207806539mS since epoch
0,0,1,1,0, -  1582207807580mS since epoch
0,0,1,1,0, -  1582207808626mS since epoch
0,0,1,1,0, -  1582207809669mS since epoch
0,0,1,1,0, -  1582207810711mS since epoch
0,0,1,1,0, -  1582207811756mS since epoch
0,0,1,1,0, -  1582207812795mS since epoch
0,0,1,1,0, -  1582207813833mS since epoch
0,0,1,1,0, -  1582207814877mS since epoch
0,0,1,1,0, -  1582207815927mS since epoch
0,0,1,1,0, -  1582207816973mS since epoch
0,0,1,1,0, -  1582207818013mS since epoch
0,0,1,1,0, -  1582207819057mS since epoch
0,0,1,1,0, -  1582207820102mS since epoch
0,0,1,1,0, -  1582207821146mS since epoch
0,0,1,1,0, -  1582207822188mS since epoch
0,0,1,1,0, -  1582207823236mS since epoch
0,0,1,1,0, -  1582207824276mS since epoch
0,0,1,1,0, -  1582207825316mS since epoch
0,0,1,1,0, -  1582207826362mS since epoch
0,0,1,1,0, -  1582207827405mS since epoch
0,0,1,1,0, -  1582207828447mS since epoch
0,0,1,1,0, -  1582207829499mS since epoch
0,0,1,1,0, -  1582207830544mS since epoch
0,0,1,1,0, -  1582207831584mS since epoch
0,0,1,1,0, -  1582207832623mS since epoch
0,0,1,1,0, -  1582207833662mS since epoch
0,0,1,1,0, -  1582207834703mS since epoch
0,0,1,1,0, -  1582207835747mS since epoch
0,0,1,1,0, -  1582207836790mS since epoch
0,0,1,1,0, -  1582207837834mS since epoch
0,0,1,1,0, -  1582207838882mS since epoch
0,0,1,1,0, -  1582207839930mS since epoch
0,0,1,1,0, -  1582207840975mS since epoch
0,0,1,1,0, -  1582207842025mS since epoch
0,0,1,1,0, -  1582207843069mS since epoch
0,0,1,1,0, -  1582207844113mS since epoch
0,0,1,1,0, -  1582207845153mS since epoch
0,0,1,1,0, -  1582207846199mS since epoch
0,0,1,1,0, -  1582207847240mS since epoch
0,0,1,1,0, -  1582207848284mS since epoch
0,0,1,1,0, -  1582207849323mS since epoch
0,0,1,1,0, -  1582207850360mS since epoch
0,0,1,1,0, -  1582207851402mS since epoch
0,0,1,1,0, -  1582207852453mS since epoch
0,0,1,1,0, -  1582207853495mS since epoch
0,0,1,1,0, -  1582207854538mS since epoch
0,0,1,1,0, -  1582207855573mS since epoch
0,0,1,1,0, -  1582207856622mS since epoch
0,0,1,1,0, -  1582207857670mS since epoch
0,0,1,1,0, -  1582207858720mS since epoch
0,0,1,1,0, -  1582207859758mS since epoch
0,0,1,1,0, -  1582207860796mS since epoch
0,0,1,1,0, -  1582207861839mS since epoch
0,0,1,1,0, -  1582207862878mS since epoch
0,0,1,1,0, -  1582207863926mS since epoch
0,0,1,1,0, -  1582207864977mS since epoch
0,0,1,1,0, -  1582207866022mS since epoch
0,0,1,1,0, -  1582207867068mS since epoch
0,0,1,1,0, -  1582207868107mS since epoch
0,0,1,1,0, -  1582207869146mS since epoch
0,0,1,1,0, -  1582207870186mS since epoch
0,0,1,1,0, -  1582207871229mS since epoch
0,0,1,1,0, -  1582207872273mS since epoch
0,0,1,1,0, -  1582207873322mS since epoch
0,0,1,1,0, -  1582207874360mS since epoch
0,0,1,1,0, -  1582207875398mS since epoch
0,0,1,1,0, -  1582207876442mS since epoch
0,0,1,1,0, -  1582207877490mS since epoch
0,0,1,1,0, -  1582207878527mS since epoch
0,0,1,1,0, -  1582207879573mS since epoch
0,0,1,1,0, -  1582207880611mS since epoch
0,0,1,1,0, -  1582207881646mS since epoch
0,0,1,1,0, -  1582207882688mS since epoch
0,0,1,1,0, -  1582207883734mS since epoch
0,0,1,1,0, -  1582207884780mS since epoch
0,0,1,1,0, -  1582207885821mS since epoch
0,0,1,1,0, -  1582207886864mS since epoch
0,0,1,1,0, -  1582207887909mS since epoch
0,0,1,1,0, -  1582207888959mS since epoch
0,0,1,1,0, -  1582207890004mS since epoch
0,0,1,1,0, -  1582207891045mS since epoch
0,0,1,1,0, -  1582207892092mS since epoch
0,0,1,1,0, -  1582207893133mS since epoch
0,0,1,1,0, -  1582207894176mS since epoch
0,0,1,1,0, -  1582207895219mS since epoch
0,0,1,1,0, -  1582207896256mS since epoch
0,0,1,1,0, -  1582207897299mS since epoch
0,0,1,1,0, -  1582207898338mS since epoch
0,0,1,1,0, -  1582207899383mS since epoch
0,0,1,1,0, -  1582207900427mS since epoch
0,0,1,1,0, -  1582207901469mS since epoch
0,0,1,1,0, -  1582207902515mS since epoch
0,0,1,1,0, -  1582207903561mS since epoch
0,0,1,1,0, -  1582207904601mS since epoch
0,0,1,1,0, -  1582207905649mS since epoch
0,0,1,1,0, -  1582207906690mS since epoch
0,0,1,1,0, -  1582207907730mS since epoch
0,0,1,1,0, -  1582207908776mS since epoch
0,0,1,1,0, -  1582207909820mS since epoch
0,0,1,1,0, -  1582207910860mS since epoch
0,0,1,1,0, -  1582207911899mS since epoch
0,0,1,1,0, -  1582207912940mS since epoch
0,0,1,1,0, -  1582207913985mS since epoch
0,0,1,1,0, -  1582207915022mS since epoch
0,0,1,1,0, -  1582207916066mS since epoch
0,0,1,1,0, -  1582207917110mS since epoch
0,0,1,1,0, -  1582207918150mS since epoch
0,0,1,1,0, -  1582207919193mS since epoch
0,0,1,1,0, -  1582207920229mS since epoch
0,0,1,1,0, -  1582207921269mS since epoch
0,0,1,1,0, -  1582207922308mS since epoch
0,0,1,1,0, -  1582207923353mS since epoch
0,0,1,1,0, -  1582207924389mS since epoch
0,0,1,1,0, -  1582207925428mS since epoch
0,0,1,1,0, -  1582207926473mS since epoch
0,0,1,1,0, -  1582207927512mS since epoch
0,0,1,1,0, -  1582207928554mS since epoch
0,0,1,1,0, -  1582207929600mS since epoch
0,0,1,1,0, -  1582207930643mS since epoch
0,0,1,1,0, -  1582207931679mS since epoch
0,0,1,1,0, -  1582207932719mS since epoch
0,0,1,1,0, -  1582207933762mS since epoch
0,0,1,1,0, -  1582207934813mS since epoch
0,0,1,1,0, -  1582207935849mS since epoch
0,0,1,1,0, -  1582207936887mS since epoch
0,0,1,1,0, -  1582207937928mS since epoch
0,0,1,1,0, -  1582207938974mS since epoch
0,0,1,1,0, -  1582207940015mS since epoch
0,0,1,1,0, -  1582207941062mS since epoch
0,0,1,1,0, -  1582207942109mS since epoch
0,0,1,1,0, -  1582207943153mS since epoch
0,0,1,1,0, -  1582207944195mS since epoch
0,0,1,1,0, -  1582207945234mS since epoch
0,0,1,1,0, -  1582207946280mS since epoch
0,0,1,1,0, -  1582207947326mS since epoch
0,0,1,1,0, -  1582207948371mS since epoch
0,0,1,1,0, -  1582207949414mS since epoch
0,0,1,1,0, -  1582207950445mS since epoch
0,0,1,1,0, -  1582207951488mS since epoch
0,0,1,1,0, -  1582207952527mS since epoch
0,0,1,1,0, -  1582207953567mS since epoch
0,0,1,1,0, -  1582207954625mS since epoch
0,0,1,1,0, -  1582207955665mS since epoch
0,0,1,1,0, -  1582207956711mS since epoch
0,0,1,1,0, -  1582207957753mS since epoch
0,0,1,1,0, -  1582207958795mS since epoch
0,0,1,1,0, -  1582207959843mS since epoch
0,0,1,1,0, -  1582207960891mS since epoch
0,0,1,1,0, -  1582207961936mS since epoch
0,0,1,1,0, -  1582207962982mS since epoch
0,0,1,1,0, -  1582207964024mS since epoch
0,0,1,1,0, -  1582207965069mS since epoch
0,0,1,1,0, -  1582207966112mS since epoch
0,0,1,1,0, -  1582207967159mS since epoch
0,0,1,1,0, -  1582207968199mS since epoch
0,0,1,1,0, -  1582207969233mS since epoch
0,0,1,1,0, -  1582207970273mS since epoch
0,0,1,1,0, -  1582207971307mS since epoch
0,0,1,1,0, -  1582207972345mS since epoch
0,0,1,1,0, -  1582207973391mS since epoch
0,0,1,1,0, -  1582207974437mS since epoch
0,0,1,1,0, -  1582207975471mS since epoch
0,0,1,1,0, -  1582207976516mS since epoch
0,0,1,1,0, -  1582207977564mS since epoch
0,0,1,1,0, -  1582207978602mS since epoch
0,0,1,1,0, -  1582207979651mS since epoch
0,0,1,1,0, -  1582207980694mS since epoch
0,0,1,1,0, -  1582207981739mS since epoch
0,0,1,1,0, -  1582207982792mS since epoch
0,0,1,1,0, -  1582207983835mS since epoch
0,0,1,1,0, -  1582207984886mS since epoch
0,0,1,1,0, -  1582207985931mS since epoch
0,0,1,1,0, -  1582207986972mS since epoch
0,0,1,1,0, -  1582207988015mS since epoch
0,0,1,1,0, -  1582207989059mS since epoch
0,0,1,1,0, -  1582207990103mS since epoch
0,0,1,1,0, -  1582207991148mS since epoch
0,0,1,1,0, -  1582207992193mS since epoch
0,0,1,1,0, -  1582207993236mS since epoch
0,0,1,1,0, -  1582207994277mS since epoch
0,0,1,1,0, -  1582207995312mS since epoch
0,0,1,1,0, -  1582207996354mS since epoch
0,0,1,1,0, -  1582207997395mS since epoch
0,0,1,1,0, -  1582207998444mS since epoch
0,0,1,1,0, -  1582207999486mS since epoch
0,0,1,1,0, -  1582208000533mS since epoch
0,0,1,1,0, -  1582208001573mS since epoch
0,0,1,1,0, -  1582208002622mS since epoch
0,0,1,1,0, -  1582208003666mS since epoch
0,0,1,1,0, -  1582208004710mS since epoch
0,0,1,1,0, -  1582208005751mS since epoch
0,0,1,1,0, -  1582208006795mS since epoch
0,0,1,1,0, -  1582208007841mS since epoch
0,0,1,1,0, -  1582208008885mS since epoch
0,0,1,1,0, -  1582208009930mS since epoch
0,0,1,1,0, -  1582208010977mS since epoch
0,0,1,1,0, -  1582208012017mS since epoch
0,0,1,1,0, -  1582208013059mS since epoch
0,0,1,1,0, -  1582208014102mS since epoch
0,0,1,1,0, -  1582208015157mS since epoch
0,0,1,1,0, -  1582208016199mS since epoch
0,0,1,1,0, -  1582208017248mS since epoch
0,0,1,1,0, -  1582208018294mS since epoch
0,0,1,1,0, -  1582208019337mS since epoch
0,0,1,1,0, -  1582208020385mS since epoch
0,0,1,1,0, -  1582208021421mS since epoch
0,0,1,1,0, -  1582208022469mS since epoch
0,0,1,1,0, -  1582208023508mS since epoch
0,0,1,1,0, -  1582208024550mS since epoch
0,0,1,1,0, -  1582208025593mS since epoch
0,0,1,1,0, -  1582208026627mS since epoch
0,0,1,1,0, -  1582208027666mS since epoch
0,0,1,1,0, -  1582208028705mS since epoch
0,0,1,1,0, -  1582208029750mS since epoch
0,0,1,1,0, -  1582208030790mS since epoch
0,0,1,1,0, -  1582208031830mS since epoch
0,0,1,1,0, -  1582208032870mS since epoch
0,0,1,1,0, -  1582208033916mS since epoch
0,0,1,1,0, -  1582208034957mS since epoch
0,0,1,1,0, -  1582208036003mS since epoch
0,0,1,1,0, -  1582208037044mS since epoch
0,0,1,1,0, -  1582208038083mS since epoch
0,0,1,1,0, -  1582208039131mS since epoch
0,0,1,1,0, -  1582208040176mS since epoch
0,0,1,1,0, -  1582208041214mS since epoch
0,0,1,1,0, -  1582208042258mS since epoch
0,0,1,1,0, -  1582208043294mS since epoch
0,0,1,1,0, -  1582208044335mS since epoch
0,0,1,1,0, -  1582208045387mS since epoch
0,0,1,1,0, -  1582208046434mS since epoch
0,0,1,1,0, -  1582208047483mS since epoch
0,0,1,1,0, -  1582208048529mS since epoch
0,0,1,1,0, -  1582208049573mS since epoch
0,0,1,1,0, -  1582208050620mS since epoch
0,0,1,1,0, -  1582208051666mS since epoch
0,0,1,1,0, -  1582208052707mS since epoch
0,0,1,1,0, -  1582208053752mS since epoch
0,0,1,1,0, -  1582208054798mS since epoch
0,0,1,1,0, -  1582208055839mS since epoch
0,0,1,1,0, -  1582208056880mS since epoch
0,0,1,1,0, -  1582208057926mS since epoch
0,0,1,1,0, -  1582208058974mS since epoch
0,0,1,1,0, -  1582208060018mS since epoch
0,0,1,1,0, -  1582208061064mS since epoch
0,0,1,1,0, -  1582208062105mS since epoch
0,0,1,1,0, -  1582208063145mS since epoch
0,0,1,1,0, -  1582208064186mS since epoch
0,0,1,1,0, -  1582208065224mS since epoch
0,0,1,1,0, -  1582208066269mS since epoch
0,0,1,1,0, -  1582208067309mS since epoch
0,0,1,1,0, -  1582208068344mS since epoch
0,0,1,1,0, -  1582208069385mS since epoch
0,0,1,1,0, -  1582208070427mS since epoch
0,0,1,1,0, -  1582208071463mS since epoch
0,0,1,1,0, -  1582208072509mS since epoch
0,0,1,1,0, -  1582208073551mS since epoch
0,0,1,1,0, -  1582208074595mS since epoch
0,0,1,1,0, -  1582208075638mS since epoch
0,0,1,1,0, -  1582208076677mS since epoch
0,0,1,1,0, -  1582208077720mS since epoch
0,0,1,1,0, -  1582208078761mS since epoch
0,0,1,1,0, -  1582208079810mS since epoch
0,0,1,1,0, -  1582208080846mS since epoch
0,0,1,1,0, -  1582208081890mS since epoch
0,0,1,1,0, -  1582208082938mS since epoch
0,0,1,1,0, -  1582208083990mS since epoch
0,0,1,1,0, -  1582208085032mS since epoch
0,0,1,1,0, -  1582208086081mS since epoch
0,0,1,1,0, -  1582208087123mS since epoch
0,0,1,1,0, -  1582208088173mS since epoch
0,0,1,1,0, -  1582208089216mS since epoch
0,0,1,1,0, -  1582208090253mS since epoch
0,0,1,1,0, -  1582208091300mS since epoch
0,0,1,1,0, -  1582208092344mS since epoch
0,0,1,1,0, -  1582208093391mS since epoch
0,0,1,1,0, -  1582208094433mS since epoch
0,0,1,1,0, -  1582208095483mS since epoch
0,0,1,1,0, -  1582208096548mS since epoch
0,0,1,1,0, -  1582208097588mS since epoch
0,0,1,1,0, -  1582208098635mS since epoch
0,0,1,1,0, -  1582208099675mS since epoch
0,0,1,1,0, -  1582208100713mS since epoch
0,0,1,1,0, -  1582208101758mS since epoch
0,0,1,1,0, -  1582208102807mS since epoch
0,0,1,1,0, -  1582208103847mS since epoch
0,0,1,1,0, -  1582208104884mS since epoch
0,0,1,1,0, -  1582208105926mS since epoch
0,0,1,1,0, -  1582208106970mS since epoch
0,0,1,1,0, -  1582208108007mS since epoch
0,0,1,1,0, -  1582208109045mS since epoch
0,0,1,1,0, -  1582208110085mS since epoch
0,0,1,1,0, -  1582208111121mS since epoch
0,0,1,1,0, -  1582208112160mS since epoch
0,0,1,1,0, -  1582208113204mS since epoch
0,0,1,1,0, -  1582208114246mS since epoch
0,0,1,1,0, -  1582208115280mS since epoch
0,0,1,1,0, -  1582208116322mS since epoch
0,0,1,1,0, -  1582208117359mS since epoch
0,0,1,1,0, -  1582208118398mS since epoch
0,0,1,1,0, -  1582208119441mS since epoch
0,0,1,1,0, -  1582208120480mS since epoch
0,0,1,1,0, -  1582208121522mS since epoch
0,0,1,1,0, -  1582208122560mS since epoch
0,0,1,1,0, -  1582208123604mS since epoch
0,0,1,1,0, -  1582208124651mS since epoch
0,0,1,1,0, -  1582208125692mS since epoch
0,0,1,1,0, -  1582208126733mS since epoch
0,0,1,1,0, -  1582208127779mS since epoch
0,0,1,1,0, -  1582208128827mS since epoch
0,0,1,1,0, -  1582208129869mS since epoch
0,0,1,1,0, -  1582208130911mS since epoch
0,0,1,1,0, -  1582208131954mS since epoch
0,0,1,1,0, -  1582208132999mS since epoch
0,0,1,1,0, -  1582208134042mS since epoch
0,0,1,1,0, -  1582208135089mS since epoch
0,0,1,1,0, -  1582208136135mS since epoch
0,0,1,1,0, -  1582208137176mS since epoch
0,0,1,1,0, -  1582208138221mS since epoch
0,0,1,1,0, -  1582208139265mS since epoch
0,0,1,1,0, -  1582208140308mS since epoch
0,0,1,1,0, -  1582208141355mS since epoch
0,0,1,1,0, -  1582208142401mS since epoch
0,0,1,1,0, -  1582208143440mS since epoch
0,0,1,1,0, -  1582208144488mS since epoch
0,0,1,1,0, -  1582208145521mS since epoch
0,0,1,1,0, -  1582208146563mS since epoch
0,0,1,1,0, -  1582208147600mS since epoch
0,0,1,1,0, -  1582208148639mS since epoch
0,0,1,1,0, -  1582208149678mS since epoch
0,0,1,1,0, -  1582208150720mS since epoch
0,0,1,1,0, -  1582208151762mS since epoch
0,0,1,1,0, -  1582208152807mS since epoch
0,0,1,1,0, -  1582208153845mS since epoch
0,0,1,1,0, -  1582208154889mS since epoch
0,0,1,1,0, -  1582208155933mS since epoch
0,0,1,1,0, -  1582208156975mS since epoch
0,0,1,1,0, -  1582208158016mS since epoch
0,0,1,1,0, -  1582208159062mS since epoch
0,0,1,1,0, -  1582208160099mS since epoch
0,0,1,1,0, -  1582208161140mS since epoch
0,0,1,1,0, -  1582208162183mS since epoch
0,0,1,1,0, -  1582208163232mS since epoch
0,0,1,1,0, -  1582208164270mS since epoch
0,0,1,1,0, -  1582208165305mS since epoch
0,0,1,1,0, -  1582208166348mS since epoch
0,0,1,1,0, -  1582208167385mS since epoch
0,0,1,1,0, -  1582208168425mS since epoch
0,0,1,1,0, -  1582208169469mS since epoch
0,0,1,1,0, -  1582208170516mS since epoch
0,0,1,1,0, -  1582208171553mS since epoch
0,0,1,1,0, -  1582208172590mS since epoch
0,0,1,1,0, -  1582208173640mS since epoch
0,0,1,1,0, -  1582208174688mS since epoch
0,0,1,1,0, -  1582208175730mS since epoch
0,0,1,1,0, -  1582208176779mS since epoch
0,0,1,1,0, -  1582208177820mS since epoch
0,0,1,1,0, -  1582208178859mS since epoch
0,0,1,1,0, -  1582208179911mS since epoch
0,0,1,1,0, -  1582208180952mS since epoch
0,0,1,1,0, -  1582208181998mS since epoch
0,0,1,1,0, -  1582208183051mS since epoch
0,0,1,1,0, -  1582208184097mS since epoch
0,0,1,1,0, -  1582208185136mS since epoch
0,0,1,1,0, -  1582208186182mS since epoch
0,0,1,1,0, -  1582208187225mS since epoch
0,0,1,1,0, -  1582208188268mS since epoch
0,0,1,1,0, -  1582208189308mS since epoch
0,0,1,1,0, -  1582208190348mS since epoch
0,0,1,1,0, -  1582208191389mS since epoch
0,0,1,1,0, -  1582208192430mS since epoch
0,0,1,1,0, -  1582208193472mS since epoch
0,0,1,1,0, -  1582208194511mS since epoch
0,0,1,1,0, -  1582208195560mS since epoch
0,0,1,1,0, -  1582208196600mS since epoch
0,0,1,1,0, -  1582208197645mS since epoch
0,0,1,1,0, -  1582208198685mS since epoch
0,0,1,1,0, -  1582208199723mS since epoch
0,0,1,1,0, -  1582208200763mS since epoch
0,0,1,1,0, -  1582208201802mS since epoch
0,0,1,1,0, -  1582208202844mS since epoch
0,0,1,1,0, -  1582208203885mS since epoch
0,0,1,1,0, -  1582208204926mS since epoch
0,0,1,1,0, -  1582208205968mS since epoch
0,0,1,1,0, -  1582208207008mS since epoch
0,0,1,1,0, -  1582208208049mS since epoch
0,0,1,1,0, -  1582208209088mS since epoch
0,0,1,1,0, -  1582208210138mS since epoch
0,0,1,1,0, -  1582208211178mS since epoch
0,0,1,1,0, -  1582208212222mS since epoch
0,0,1,1,0, -  1582208213263mS since epoch
0,0,1,1,0, -  1582208214311mS since epoch
0,0,1,1,0, -  1582208215352mS since epoch
0,0,1,1,0, -  1582208216395mS since epoch
0,0,1,1,0, -  1582208217438mS since epoch
0,0,1,1,0, -  1582208218477mS since epoch
0,0,1,1,0, -  1582208219535mS since epoch
0,0,1,1,0, -  1582208220575mS since epoch
0,0,1,1,0, -  1582208221620mS since epoch
0,0,1,1,0, -  1582208222659mS since epoch
0,0,1,1,0, -  1582208223696mS since epoch
0,0,1,1,0, -  1582208224737mS since epoch
0,0,1,1,0, -  1582208225778mS since epoch
0,0,1,1,0, -  1582208226823mS since epoch
0,0,1,1,0, -  1582208227866mS since epoch
0,0,1,1,0, -  1582208228908mS since epoch
0,0,1,1,0, -  1582208229949mS since epoch
0,0,1,1,0, -  1582208230992mS since epoch
0,0,1,1,0, -  1582208232036mS since epoch
0,0,1,1,0, -  1582208233073mS since epoch
0,0,1,1,0, -  1582208234108mS since epoch
0,0,1,1,0, -  1582208235153mS since epoch
0,0,1,1,0, -  1582208236196mS since epoch
0,0,1,1,0, -  1582208237240mS since epoch
0,0,1,1,0, -  1582208238279mS since epoch
0,0,1,1,0, -  1582208239321mS since epoch
0,0,1,1,0, -  1582208240358mS since epoch
0,0,1,1,0, -  1582208241400mS since epoch
0,0,1,1,0, -  1582208242440mS since epoch
0,0,1,1,0, -  1582208243480mS since epoch
0,0,1,1,0, -  1582208244524mS since epoch
0,0,1,1,0, -  1582208245562mS since epoch
0,0,1,1,0, -  1582208246604mS since epoch
0,0,1,1,0, -  1582208247644mS since epoch
0,0,1,1,0, -  1582208248687mS since epoch
0,0,1,1,0, -  1582208249732mS since epoch
0,0,1,1,0, -  1582208250769mS since epoch
0,0,1,1,0, -  1582208251808mS since epoch
0,0,1,1,0, -  1582208252851mS since epoch
0,0,1,1,0, -  1582208253897mS since epoch
0,0,1,1,0, -  1582208254942mS since epoch
0,0,1,1,0, -  1582208255981mS since epoch
0,0,1,1,0, -  1582208257024mS since epoch
0,0,1,1,0, -  1582208258069mS since epoch
0,0,1,1,0, -  1582208259110mS since epoch
0,0,1,1,0, -  1582208260156mS since epoch
0,0,1,1,0, -  1582208261200mS since epoch
0,0,1,1,0, -  1582208262241mS since epoch
0,0,1,1,0, -  1582208263288mS since epoch
0,0,1,1,0, -  1582208264336mS since epoch
0,0,1,1,0, -  1582208265376mS since epoch
0,0,1,1,0, -  1582208266415mS since epoch
0,0,1,1,0, -  1582208267456mS since epoch
0,0,1,1,0, -  1582208268501mS since epoch
0,0,1,1,0, -  1582208269546mS since epoch
0,0,1,1,0, -  1582208270584mS since epoch
0,0,1,1,0, -  1582208271625mS since epoch
0,0,1,1,0, -  1582208272666mS since epoch
0,0,1,1,0, -  1582208273708mS since epoch
0,0,1,1,0, -  1582208274752mS since epoch
0,0,1,1,0, -  1582208275795mS since epoch
0,0,1,1,0, -  1582208276840mS since epoch
0,0,1,1,0, -  1582208277877mS since epoch
0,0,1,1,0, -  1582208278917mS since epoch
0,0,1,1,0, -  1582208279954mS since epoch
0,0,1,1,0, -  1582208280999mS since epoch
0,0,1,1,0, -  1582208282037mS since epoch
0,0,1,1,0, -  1582208283079mS since epoch
0,0,1,1,0, -  1582208284120mS since epoch
0,0,1,1,0, -  1582208285157mS since epoch
0,0,1,1,0, -  1582208286203mS since epoch
0,0,1,1,0, -  1582208287250mS since epoch
0,0,1,1,0, -  1582208288292mS since epoch
0,0,1,1,0, -  1582208289333mS since epoch
0,0,1,1,0, -  1582208290374mS since epoch
0,0,1,1,0, -  1582208291418mS since epoch
0,0,1,1,0, -  1582208292469mS since epoch
0,0,1,1,0, -  1582208293512mS since epoch
0,0,1,1,0, -  1582208294558mS since epoch
0,0,1,1,0, -  1582208295599mS since epoch
0,0,1,1,0, -  1582208296647mS since epoch
0,0,1,1,0, -  1582208297692mS since epoch
0,0,1,1,0, -  1582208298729mS since epoch
0,0,1,1,0, -  1582208299777mS since epoch
0,0,1,1,0, -  1582208300820mS since epoch
0,0,1,1,0, -  1582208301861mS since epoch
0,0,1,1,0, -  1582208302909mS since epoch
0,0,1,1,0, -  1582208303952mS since epoch
0,0,1,1,0, -  1582208304991mS since epoch
0,0,1,1,0, -  1582208306035mS since epoch
0,0,1,1,0, -  1582208307076mS since epoch
0,0,1,1,0, -  1582208308113mS since epoch
0,0,1,1,0, -  1582208309155mS since epoch
0,0,1,1,0, -  1582208310191mS since epoch
0,0,1,1,0, -  1582208311237mS since epoch
0,0,1,1,0, -  1582208312273mS since epoch
0,0,1,1,0, -  1582208313309mS since epoch
0,0,1,1,0, -  1582208314353mS since epoch
0,0,1,1,0, -  1582208315391mS since epoch
0,0,1,1,0, -  1582208316433mS since epoch
0,0,1,1,0, -  1582208317470mS since epoch
0,0,1,1,0, -  1582208318512mS since epoch
0,0,1,1,0, -  1582208319553mS since epoch
0,0,1,1,0, -  1582208320598mS since epoch
0,0,1,1,0, -  1582208321642mS since epoch
0,0,1,1,0, -  1582208322681mS since epoch
0,0,1,1,0, -  1582208323725mS since epoch
0,0,1,1,0, -  1582208324790mS since epoch
0,0,1,1,0, -  1582208325826mS since epoch
0,0,1,1,0, -  1582208326861mS since epoch
0,0,1,1,0, -  1582208327908mS since epoch
0,0,1,1,0, -  1582208328944mS since epoch
0,0,1,1,0, -  1582208329991mS since epoch
0,0,1,1,0, -  1582208331031mS since epoch
0,0,1,1,0, -  1582208332082mS since epoch
0,0,1,1,0, -  1582208333123mS since epoch
0,0,1,1,0, -  1582208334167mS since epoch
0,0,1,1,0, -  1582208335198mS since epoch
0,0,1,1,0, -  1582208336248mS since epoch
0,0,1,1,0, -  1582208337290mS since epoch
0,0,1,1,0, -  1582208338326mS since epoch
0,0,1,1,0, -  1582208339364mS since epoch
0,0,1,1,0, -  1582208340409mS since epoch
0,0,1,1,0, -  1582208341454mS since epoch
0,0,1,1,0, -  1582208342501mS since epoch
0,0,1,1,0, -  1582208343543mS since epoch
0,0,1,1,0, -  1582208344581mS since epoch
0,0,1,1,0, -  1582208345624mS since epoch
0,0,1,1,0, -  1582208346669mS since epoch
0,0,1,1,0, -  1582208347712mS since epoch
0,0,1,1,0, -  1582208348755mS since epoch
0,0,1,1,0, -  1582208349800mS since epoch
0,0,1,1,0, -  1582208350845mS since epoch
0,0,1,1,0, -  1582208351883mS since epoch
0,0,1,1,0, -  1582208352933mS since epoch
0,0,1,1,0, -  1582208353974mS since epoch
0,0,1,1,0, -  1582208355024mS since epoch
0,0,1,1,0, -  1582208356066mS since epoch
0,0,1,1,0, -  1582208357107mS since epoch
0,0,1,1,0, -  1582208358157mS since epoch
0,0,1,1,0, -  1582208359198mS since epoch
0,0,1,1,0, -  1582208360243mS since epoch
0,0,1,1,0, -  1582208361286mS since epoch
0,0,1,1,0, -  1582208362330mS since epoch
0,0,1,1,0, -  1582208363384mS since epoch
0,0,1,1,0, -  1582208364422mS since epoch
0,0,1,1,0, -  1582208365460mS since epoch
0,0,1,1,0, -  1582208366504mS since epoch
0,0,1,1,0, -  1582208367551mS since epoch
0,0,1,1,0, -  1582208368592mS since epoch
0,0,1,1,0, -  1582208369629mS since epoch
0,0,1,1,0, -  1582208370670mS since epoch
0,0,1,1,0, -  1582208371710mS since epoch
0,0,1,1,0, -  1582208372761mS since epoch
0,0,1,1,0, -  1582208373799mS since epoch
0,0,1,1,0, -  1582208374840mS since epoch
0,0,1,1,0, -  1582208375890mS since epoch
0,0,1,1,0, -  1582208376930mS since epoch
0,0,1,1,0, -  1582208377983mS since epoch
0,0,1,1,0, -  1582208379022mS since epoch
0,0,1,1,0, -  1582208380065mS since epoch
0,0,1,1,0, -  1582208381115mS since epoch
0,0,1,1,0, -  1582208382160mS since epoch
0,0,1,1,0, -  1582208383197mS since epoch
0,0,1,1,0, -  1582208384237mS since epoch
0,0,1,1,0, -  1582208385271mS since epoch
0,0,1,1,0, -  1582208386312mS since epoch
0,0,1,1,0, -  1582208387352mS since epoch
0,0,1,1,0, -  1582208388395mS since epoch
0,0,1,1,0, -  1582208389437mS since epoch
0,0,1,1,0, -  1582208390484mS since epoch
0,0,1,1,0, -  1582208391530mS since epoch
0,0,1,1,0, -  1582208392573mS since epoch
0,0,1,1,0, -  1582208393612mS since epoch
0,0,1,1,0, -  1582208394659mS since epoch
0,0,1,1,0, -  1582208395705mS since epoch
0,0,1,1,0, -  1582208396745mS since epoch
0,0,1,1,0, -  1582208397789mS since epoch
0,0,1,1,0, -  1582208398834mS since epoch
0,0,1,1,0, -  1582208399876mS since epoch
0,0,1,1,0, -  1582208400920mS since epoch
0,0,1,1,0, -  1582208401961mS since epoch
0,0,1,1,0, -  1582208403001mS since epoch
0,0,1,1,0, -  1582208404047mS since epoch
0,0,1,1,0, -  1582208405094mS since epoch
0,0,1,1,0, -  1582208406137mS since epoch
0,0,1,1,0, -  1582208407176mS since epoch
0,0,1,1,0, -  1582208408236mS since epoch
0,0,1,1,0, -  1582208409291mS since epoch
0,0,1,1,0, -  1582208410334mS since epoch
0,0,1,1,0, -  1582208411378mS since epoch
0,0,1,1,0, -  1582208412417mS since epoch
0,0,1,1,0, -  1582208413456mS since epoch
0,0,1,1,0, -  1582208414493mS since epoch
0,0,1,1,0, -  1582208415539mS since epoch
0,0,1,1,0, -  1582208416582mS since epoch
0,0,1,1,0, -  1582208417626mS since epoch
0,0,1,1,0, -  1582208418667mS since epoch
0,0,1,1,0, -  1582208419706mS since epoch
0,0,1,1,0, -  1582208420743mS since epoch
0,0,1,1,0, -  1582208421788mS since epoch
0,0,1,1,0, -  1582208422824mS since epoch
0,0,1,1,0, -  1582208423861mS since epoch
0,0,1,1,0, -  1582208424895mS since epoch
0,0,1,1,0, -  1582208425943mS since epoch
0,0,1,1,0, -  1582208426989mS since epoch
0,0,1,1,0, -  1582208428033mS since epoch
0,0,1,1,0, -  1582208429081mS since epoch
0,0,1,1,0, -  1582208430126mS since epoch
0,0,1,1,0, -  1582208431163mS since epoch
0,0,1,1,0, -  1582208432201mS since epoch
0,0,1,1,0, -  1582208433238mS since epoch
0,0,1,1,0, -  1582208434288mS since epoch
0,0,1,1,0, -  1582208435328mS since epoch
0,0,1,1,0, -  1582208436370mS since epoch
0,0,1,1,0, -  1582208437415mS since epoch
0,0,1,1,0, -  1582208438457mS since epoch
0,0,1,1,0, -  1582208439494mS since epoch
0,0,1,1,0, -  1582208440536mS since epoch
0,0,1,1,0, -  1582208441580mS since epoch
0,0,1,1,0, -  1582208442624mS since epoch
0,0,1,1,0, -  1582208443666mS since epoch
0,0,1,1,0, -  1582208444705mS since epoch
0,0,1,1,0, -  1582208445756mS since epoch
0,0,1,1,0, -  1582208446798mS since epoch
0,0,1,1,0, -  1582208447844mS since epoch
0,0,1,1,0, -  1582208448889mS since epoch
0,0,1,1,0, -  1582208449937mS since epoch
0,0,1,1,0, -  1582208450978mS since epoch
0,0,1,1,0, -  1582208452033mS since epoch
0,0,1,1,0, -  1582208453078mS since epoch
0,0,1,1,0, -  1582208454114mS since epoch
0,0,1,1,0, -  1582208455147mS since epoch
0,0,1,1,0, -  1582208456188mS since epoch
0,0,1,1,0, -  1582208457226mS since epoch
0,0,1,1,0, -  1582208458267mS since epoch
0,0,1,1,0, -  1582208459310mS since epoch
0,0,1,1,0, -  1582208460348mS since epoch
0,0,1,1,0, -  1582208461391mS since epoch
0,0,1,1,0, -  1582208462430mS since epoch
0,0,1,1,0, -  1582208463471mS since epoch
0,0,1,1,0, -  1582208464509mS since epoch
0,0,1,1,0, -  1582208465551mS since epoch
0,0,1,1,0, -  1582208466594mS since epoch
0,0,1,1,0, -  1582208467647mS since epoch
0,0,1,1,0, -  1582208468686mS since epoch
0,0,1,1,0, -  1582208469729mS since epoch
0,0,1,1,0, -  1582208470771mS since epoch
0,0,1,1,0, -  1582208471821mS since epoch
0,0,1,1,0, -  1582208472863mS since epoch
0,0,1,1,0, -  1582208473909mS since epoch
0,0,1,1,0, -  1582208474948mS since epoch
0,0,1,1,0, -  1582208475982mS since epoch
0,0,1,1,0, -  1582208477027mS since epoch
0,0,1,1,0, -  1582208478070mS since epoch
0,0,1,1,0, -  1582208479111mS since epoch
0,0,1,1,0, -  1582208480160mS since epoch
0,0,1,1,0, -  1582208481205mS since epoch
0,0,1,1,0, -  1582208482244mS since epoch
0,0,1,1,0, -  1582208483288mS since epoch
0,0,1,1,0, -  1582208484321mS since epoch
0,0,1,1,0, -  1582208485380mS since epoch
0,0,1,1,0, -  1582208486433mS since epoch
0,0,1,1,0, -  1582208487478mS since epoch
0,0,1,1,0, -  1582208488526mS since epoch
0,0,1,1,0, -  1582208489574mS since epoch
0,0,1,1,0, -  1582208490609mS since epoch
0,0,1,1,0, -  1582208491654mS since epoch
0,0,1,1,0, -  1582208492697mS since epoch
0,0,1,1,0, -  1582208493745mS since epoch
0,0,1,1,0, -  1582208494787mS since epoch
0,0,1,1,0, -  1582208495828mS since epoch
0,0,1,1,0, -  1582208496864mS since epoch
0,0,1,1,0, -  1582208497906mS since epoch
0,0,1,1,0, -  1582208498946mS since epoch
0,0,1,1,0, -  1582208499987mS since epoch
0,0,1,1,0, -  1582208501024mS since epoch
0,0,1,1,0, -  1582208502062mS since epoch
0,0,1,1,0, -  1582208503105mS since epoch
0,0,1,1,0, -  1582208504145mS since epoch
0,0,1,1,0, -  1582208505179mS since epoch
0,0,1,1,0, -  1582208506222mS since epoch
0,0,1,1,0, -  1582208507264mS since epoch
0,0,1,1,0, -  1582208508307mS since epoch
0,0,1,1,0, -  1582208509352mS since epoch
0,0,1,1,0, -  1582208510390mS since epoch
0,0,1,1,0, -  1582208511434mS since epoch
0,0,1,1,0, -  1582208512478mS since epoch
0,0,1,1,0, -  1582208513521mS since epoch
0,0,1,1,0, -  1582208514558mS since epoch
0,0,1,1,0, -  1582208515604mS since epoch
0,0,1,1,0, -  1582208516649mS since epoch
0,0,1,1,0, -  1582208517695mS since epoch
0,0,1,1,0, -  1582208518734mS since epoch
0,0,1,1,0, -  1582208519779mS since epoch
0,0,1,1,0, -  1582208520814mS since epoch
0,0,1,1,0, -  1582208521861mS since epoch
0,0,1,1,0, -  1582208522906mS since epoch
0,0,1,1,0, -  1582208523950mS since epoch
0,0,1,1,0, -  1582208524991mS since epoch
0,0,1,0,0, -  1582208526038mS since epoch
0,0,1,0,0, -  1582208527087mS since epoch
0,0,1,0,0, -  1582208528132mS since epoch
0,0,1,0,0, -  1582208529180mS since epoch
0,0,1,0,0, -  1582208530218mS since epoch
0,0,1,0,0, -  1582208531264mS since epoch
0,0,1,0,0, -  1582208532305mS since epoch
0,0,1,0,0, -  1582208533346mS since epoch
0,0,1,0,0, -  1582208534391mS since epoch
0,0,1,0,0, -  1582208535431mS since epoch
0,0,1,0,0, -  1582208536472mS since epoch
0,0,1,0,0, -  1582208537505mS since epoch
0,0,1,0,0, -  1582208538549mS since epoch
0,0,1,0,0, -  1582208539596mS since epoch
0,0,1,0,0, -  1582208540641mS since epoch
0,0,1,0,0, -  1582208541680mS since epoch
0,0,1,0,0, -  1582208542726mS since epoch
0,0,1,0,0, -  1582208543771mS since epoch
0,0,1,0,0, -  1582208544816mS since epoch
0,0,1,0,0, -  1582208545858mS since epoch
0,0,1,0,0, -  1582208546893mS since epoch
0,0,1,0,0, -  1582208547937mS since epoch
0,0,1,0,0, -  1582208548980mS since epoch
0,0,1,0,0, -  1582208550027mS since epoch
0,0,1,0,0, -  1582208551072mS since epoch
0,0,1,0,0, -  1582208552113mS since epoch
0,0,1,0,0, -  1582208553154mS since epoch
0,0,1,0,0, -  1582208554203mS since epoch
0,0,1,0,0, -  1582208555242mS since epoch
0,0,1,0,0, -  1582208556284mS since epoch
0,0,1,0,0, -  1582208557321mS since epoch
0,0,1,0,0, -  1582208558368mS since epoch
0,0,1,0,0, -  1582208559415mS since epoch
0,0,1,0,0, -  1582208560457mS since epoch
0,0,1,0,0, -  1582208561506mS since epoch
0,0,1,0,0, -  1582208562545mS since epoch
0,0,1,0,0, -  1582208563578mS since epoch
0,0,1,0,0, -  1582208564615mS since epoch
0,0,1,0,0, -  1582208565660mS since epoch
0,0,1,0,0, -  1582208566702mS since epoch
0,0,1,0,0, -  1582208567744mS since epoch
0,0,1,0,0, -  1582208568777mS since epoch
0,0,1,0,0, -  1582208569817mS since epoch
0,0,1,0,0, -  1582208570858mS since epoch
0,0,1,0,0, -  1582208571897mS since epoch
0,0,1,0,0, -  1582208572944mS since epoch
0,0,1,0,0, -  1582208573985mS since epoch
0,0,1,0,0, -  1582208575025mS since epoch
0,0,1,0,0, -  1582208576070mS since epoch
0,0,1,0,0, -  1582208577116mS since epoch
0,0,1,0,0, -  1582208578157mS since epoch
0,0,1,0,0, -  1582208579196mS since epoch
0,0,1,0,0, -  1582208580229mS since epoch
0,0,1,0,0, -  1582208581273mS since epoch
0,0,1,0,0, -  1582208582311mS since epoch
0,0,1,0,0, -  1582208583356mS since epoch
0,0,1,0,0, -  1582208584395mS since epoch
0,0,1,0,0, -  1582208585436mS since epoch
0,0,1,0,0, -  1582208586482mS since epoch
0,0,1,0,0, -  1582208587522mS since epoch
0,0,1,0,0, -  1582208588566mS since epoch
0,0,1,0,0, -  1582208589619mS since epoch
0,0,1,0,0, -  1582208590654mS since epoch
0,0,1,0,0, -  1582208591697mS since epoch
0,0,1,0,0, -  1582208592739mS since epoch
0,0,1,0,0, -  1582208593779mS since epoch
0,0,1,0,0, -  1582208594821mS since epoch
0,0,1,0,0, -  1582208595863mS since epoch
0,0,1,0,0, -  1582208596908mS since epoch
0,0,1,0,0, -  1582208597955mS since epoch
0,0,1,0,0, -  1582208599000mS since epoch
0,0,1,0,0, -  1582208600047mS since epoch
0,0,1,0,0, -  1582208601096mS since epoch
0,0,1,0,0, -  1582208602137mS since epoch
0,0,1,0,0, -  1582208603185mS since epoch
0,0,1,0,0, -  1582208604226mS since epoch
0,0,1,0,0, -  1582208605267mS since epoch
0,0,1,0,0, -  1582208606312mS since epoch
0,0,1,0,0, -  1582208607359mS since epoch
0,0,1,0,0, -  1582208608400mS since epoch
0,0,1,0,0, -  1582208609441mS since epoch
0,0,1,0,0, -  1582208610484mS since epoch
0,0,1,0,0, -  1582208611521mS since epoch
0,0,1,0,0, -  1582208612571mS since epoch
0,0,1,0,0, -  1582208613609mS since epoch
0,0,1,0,0, -  1582208614642mS since epoch
0,0,1,0,0, -  1582208615686mS since epoch
0,0,1,0,0, -  1582208616727mS since epoch
0,0,1,0,0, -  1582208617762mS since epoch
0,0,1,0,0, -  1582208618803mS since epoch
0,0,1,0,0, -  1582208619846mS since epoch
0,0,1,0,0, -  1582208620891mS since epoch
0,0,1,0,0, -  1582208621938mS since epoch
0,0,1,0,0, -  1582208622994mS since epoch
0,0,1,0,0, -  1582208624035mS since epoch
0,0,1,0,0, -  1582208625084mS since epoch
0,0,1,0,0, -  1582208626129mS since epoch
0,0,1,0,0, -  1582208627169mS since epoch
0,0,1,0,0, -  1582208628209mS since epoch
0,0,1,0,0, -  1582208629252mS since epoch
0,0,1,0,0, -  1582208630293mS since epoch
0,0,1,0,0, -  1582208631336mS since epoch
0,0,1,0,0, -  1582208632376mS since epoch
0,0,1,0,0, -  1582208633415mS since epoch
0,0,1,0,0, -  1582208634461mS since epoch
0,0,1,0,0, -  1582208635504mS since epoch
0,0,1,0,0, -  1582208636538mS since epoch
0,0,1,0,0, -  1582208637584mS since epoch
0,0,1,0,0, -  1582208638628mS since epoch
0,0,1,0,0, -  1582208639675mS since epoch
0,0,1,0,0, -  1582208640717mS since epoch
0,0,1,0,0, -  1582208641758mS since epoch
0,0,1,0,0, -  1582208642800mS since epoch
0,0,1,0,0, -  1582208643836mS since epoch
0,0,1,0,0, -  1582208644872mS since epoch
0,0,1,0,0, -  1582208645910mS since epoch
0,0,1,0,0, -  1582208646954mS since epoch
0,0,1,0,0, -  1582208647990mS since epoch
0,0,1,0,0, -  1582208649033mS since epoch
0,0,1,0,0, -  1582208650068mS since epoch
0,0,1,0,0, -  1582208651106mS since epoch
0,0,1,0,0, -  1582208652149mS since epoch
0,0,1,0,0, -  1582208653193mS since epoch
0,0,1,0,0, -  1582208654241mS since epoch
0,0,1,0,0, -  1582208655281mS since epoch
0,0,1,0,0, -  1582208656321mS since epoch
0,0,1,0,0, -  1582208657359mS since epoch
0,0,1,0,0, -  1582208658396mS since epoch
0,0,1,0,0, -  1582208659440mS since epoch
0,0,1,0,0, -  1582208660477mS since epoch
0,0,1,0,0, -  1582208661531mS since epoch
0,0,1,0,0, -  1582208662565mS since epoch
0,0,1,0,0, -  1582208663606mS since epoch
0,0,1,0,0, -  1582208664647mS since epoch
0,0,1,0,0, -  1582208665690mS since epoch
0,0,1,0,0, -  1582208666730mS since epoch
0,0,1,0,0, -  1582208667767mS since epoch
0,0,1,0,0, -  1582208668817mS since epoch
0,0,1,0,0, -  1582208669865mS since epoch
0,0,1,0,0, -  1582208670908mS since epoch
0,0,1,0,0, -  1582208671960mS since epoch
0,0,1,0,0, -  1582208673002mS since epoch
0,0,1,0,0, -  1582208674043mS since epoch
0,0,1,0,0, -  1582208675097mS since epoch
0,0,1,0,0, -  1582208676138mS since epoch
0,0,1,0,0, -  1582208677176mS since epoch
0,0,1,0,0, -  1582208678217mS since epoch
0,0,1,0,0, -  1582208679262mS since epoch
0,0,1,0,0, -  1582208680309mS since epoch
0,0,1,0,0, -  1582208681352mS since epoch
0,0,1,0,0, -  1582208682391mS since epoch
0,0,1,0,0, -  1582208683437mS since epoch
0,0,1,0,0, -  1582208684480mS since epoch
0,0,1,0,0, -  1582208685524mS since epoch
0,0,1,0,0, -  1582208686568mS since epoch
0,0,1,0,0, -  1582208687608mS since epoch
0,0,1,0,0, -  1582208688646mS since epoch
0,0,1,0,0, -  1582208689688mS since epoch
0,0,1,0,0, -  1582208690722mS since epoch
0,0,1,0,0, -  1582208691761mS since epoch
0,0,1,0,0, -  1582208692800mS since epoch
0,0,1,0,0, -  1582208693846mS since epoch
0,0,1,0,0, -  1582208694889mS since epoch
0,0,1,0,0, -  1582208695933mS since epoch
0,0,1,0,0, -  1582208696975mS since epoch
0,0,1,0,0, -  1582208698018mS since epoch
0,0,1,0,0, -  1582208699061mS since epoch
0,0,1,0,0, -  1582208700112mS since epoch
0,0,1,0,0, -  1582208701155mS since epoch
0,0,1,0,0, -  1582208702201mS since epoch
0,0,1,0,0, -  1582208703240mS since epoch
0,0,1,0,0, -  1582208704286mS since epoch
0,0,1,0,0, -  1582208705321mS since epoch
0,0,1,0,0, -  1582208706368mS since epoch
0,0,1,0,0, -  1582208707411mS since epoch
0,0,1,0,0, -  1582208708456mS since epoch
0,0,1,0,0, -  1582208709512mS since epoch
0,0,1,0,0, -  1582208710565mS since epoch
0,0,1,0,0, -  1582208711616mS since epoch
0,0,1,0,0, -  1582208712661mS since epoch
0,0,1,0,0, -  1582208713704mS since epoch
0,0,1,0,0, -  1582208714748mS since epoch
0,0,1,0,0, -  1582208715796mS since epoch
0,0,1,0,0, -  1582208716832mS since epoch
0,0,1,0,0, -  1582208717882mS since epoch
0,0,1,0,0, -  1582208718922mS since epoch
0,0,1,0,0, -  1582208719962mS since epoch
0,0,1,0,0, -  1582208720999mS since epoch
0,0,1,0,0, -  1582208722039mS since epoch
0,0,1,0,0, -  1582208723079mS since epoch
0,0,1,0,0, -  1582208724121mS since epoch
0,0,1,0,0, -  1582208725161mS since epoch
0,0,1,0,0, -  1582208726202mS since epoch
0,0,1,0,0, -  1582208727252mS since epoch
0,0,1,0,0, -  1582208728295mS since epoch
0,0,1,0,0, -  1582208729337mS since epoch
0,0,1,0,0, -  1582208730377mS since epoch
0,0,1,0,0, -  1582208731416mS since epoch
0,0,1,0,0, -  1582208732457mS since epoch
0,0,1,0,0, -  1582208733504mS since epoch
0,0,1,0,0, -  1582208734549mS since epoch
0,0,1,0,0, -  1582208735590mS since epoch
0,0,1,0,0, -  1582208736629mS since epoch
0,0,1,0,0, -  1582208737673mS since epoch
0,0,1,0,0, -  1582208738715mS since epoch
0,0,1,0,0, -  1582208739757mS since epoch
0,0,1,0,0, -  1582208740801mS since epoch
0,0,1,0,0, -  1582208741869mS since epoch
0,0,1,0,0, -  1582208742918mS since epoch
0,0,1,0,0, -  1582208743974mS since epoch
0,0,1,0,0, -  1582208745021mS since epoch
0,0,1,0,0, -  1582208746064mS since epoch
0,0,1,0,0, -  1582208747107mS since epoch
0,0,1,0,0, -  1582208748140mS since epoch
0,0,1,0,0, -  1582208749183mS since epoch
0,0,1,0,0, -  1582208750223mS since epoch
0,0,1,0,0, -  1582208751264mS since epoch
0,0,1,0,0, -  1582208752304mS since epoch
0,0,1,0,0, -  1582208753346mS since epoch
0,0,1,0,0, -  1582208754388mS since epoch
0,0,1,0,0, -  1582208755429mS since epoch
0,0,1,0,0, -  1582208756469mS since epoch
0,0,1,0,0, -  1582208757515mS since epoch
0,0,1,0,0, -  1582208758557mS since epoch
0,0,1,0,0, -  1582208759595mS since epoch
0,0,1,0,0, -  1582208760640mS since epoch
0,0,1,0,0, -  1582208761680mS since epoch
0,0,1,0,0, -  1582208762719mS since epoch
0,0,1,0,0, -  1582208763768mS since epoch
0,0,1,0,0, -  1582208764812mS since epoch
0,0,1,0,0, -  1582208765849mS since epoch
0,0,1,0,0, -  1582208766888mS since epoch
0,0,1,0,0, -  1582208767932mS since epoch
0,0,1,0,0, -  1582208768977mS since epoch
0,0,1,0,0, -  1582208770024mS since epoch
0,0,1,0,0, -  1582208771075mS since epoch
0,0,1,0,0, -  1582208772125mS since epoch
0,0,1,0,0, -  1582208773162mS since epoch
0,0,1,0,0, -  1582208774204mS since epoch
0,0,1,0,0, -  1582208775260mS since epoch
0,0,1,0,0, -  1582208776296mS since epoch
0,0,1,0,0, -  1582208777339mS since epoch
0,0,1,0,0, -  1582208778379mS since epoch
0,0,1,0,0, -  1582208779422mS since epoch
0,0,1,0,0, -  1582208780462mS since epoch
0,0,1,0,0, -  1582208781506mS since epoch
0,0,1,0,0, -  1582208782548mS since epoch
0,0,1,0,0, -  1582208783589mS since epoch
0,0,1,0,0, -  1582208784639mS since epoch
0,0,1,0,0, -  1582208785684mS since epoch
0,0,1,0,0, -  1582208786722mS since epoch
0,0,1,0,0, -  1582208787761mS since epoch
0,0,1,0,0, -  1582208788801mS since epoch
0,0,1,0,0, -  1582208789841mS since epoch
0,0,1,0,0, -  1582208790879mS since epoch
0,0,1,0,0, -  1582208791931mS since epoch
0,0,1,0,0, -  1582208792975mS since epoch
0,0,1,0,0, -  1582208794021mS since epoch
0,0,1,0,0, -  1582208795061mS since epoch
0,0,1,0,0, -  1582208796106mS since epoch
0,0,1,0,0, -  1582208797153mS since epoch
0,0,1,0,0, -  1582208798198mS since epoch
0,0,1,0,0, -  1582208799237mS since epoch
0,0,1,0,0, -  1582208800286mS since epoch
0,0,1,0,0, -  1582208801331mS since epoch
0,0,1,0,0, -  1582208802375mS since epoch
0,0,1,0,0, -  1582208803417mS since epoch
0,0,1,0,0, -  1582208804472mS since epoch
0,0,1,0,0, -  1582208805512mS since epoch
0,0,1,0,0, -  1582208806554mS since epoch
0,0,1,0,0, -  1582208807600mS since epoch
0,0,1,0,0, -  1582208808647mS since epoch
0,0,1,0,0, -  1582208809690mS since epoch
0,0,1,0,0, -  1582208810739mS since epoch
0,0,1,0,0, -  1582208811783mS since epoch
0,0,1,0,0, -  1582208812825mS since epoch
0,0,1,0,0, -  1582208813870mS since epoch
0,0,1,0,0, -  1582208814912mS since epoch
0,0,1,0,0, -  1582208815952mS since epoch
0,0,1,0,0, -  1582208816999mS since epoch
0,0,1,0,0, -  1582208818039mS since epoch
0,0,1,0,0, -  1582208819082mS since epoch
0,0,1,0,0, -  1582208820128mS since epoch
0,0,1,0,0, -  1582208821173mS since epoch
0,0,1,0,0, -  1582208822214mS since epoch
0,0,1,0,0, -  1582208823258mS since epoch
0,0,1,0,0, -  1582208824299mS since epoch
0,0,1,0,0, -  1582208825332mS since epoch
0,0,1,0,0, -  1582208826377mS since epoch
0,0,1,0,0, -  1582208827425mS since epoch
0,0,1,0,0, -  1582208828476mS since epoch
0,0,1,0,0, -  1582208829516mS since epoch
0,0,1,0,0, -  1582208830562mS since epoch
0,0,1,0,0, -  1582208831614mS since epoch
0,0,1,0,0, -  1582208832653mS since epoch
0,0,1,0,0, -  1582208833692mS since epoch
0,0,1,0,0, -  1582208834739mS since epoch
0,0,1,0,0, -  1582208835779mS since epoch
0,0,1,0,0, -  1582208836826mS since epoch
0,0,1,0,0, -  1582208837884mS since epoch
0,0,1,0,0, -  1582208838925mS since epoch
0,0,1,0,0, -  1582208839971mS since epoch
0,0,1,0,0, -  1582208841020mS since epoch
0,0,1,0,0, -  1582208842065mS since epoch
0,0,1,0,0, -  1582208843111mS since epoch
0,0,1,0,0, -  1582208844158mS since epoch
0,0,1,0,0, -  1582208845203mS since epoch
0,0,1,0,0, -  1582208846245mS since epoch
0,0,1,0,0, -  1582208847287mS since epoch
0,0,1,0,0, -  1582208848328mS since epoch
0,0,1,0,0, -  1582208849366mS since epoch
0,0,1,0,0, -  1582208850403mS since epoch
0,0,1,0,0, -  1582208851450mS since epoch
0,0,1,0,0, -  1582208852496mS since epoch
0,0,1,0,0, -  1582208853538mS since epoch
0,0,1,0,0, -  1582208854582mS since epoch
0,0,1,0,0, -  1582208855617mS since epoch
0,0,1,0,0, -  1582208856666mS since epoch
0,0,1,0,0, -  1582208857706mS since epoch
0,0,1,0,0, -  1582208858748mS since epoch
0,0,1,0,0, -  1582208859790mS since epoch
0,0,1,0,0, -  1582208860829mS since epoch
0,0,1,0,0, -  1582208861867mS since epoch
0,0,1,0,0, -  1582208862909mS since epoch
0,0,1,0,0, -  1582208863958mS since epoch
0,0,1,0,0, -  1582208865001mS since epoch
0,0,1,0,0, -  1582208866046mS since epoch
0,0,1,0,0, -  1582208867084mS since epoch
0,0,1,0,0, -  1582208868139mS since epoch
0,0,1,0,0, -  1582208869186mS since epoch
0,0,1,0,0, -  1582208870235mS since epoch
0,0,1,0,0, -  1582208871274mS since epoch
0,0,1,0,0, -  1582208872322mS since epoch
0,0,1,0,0, -  1582208873363mS since epoch
0,0,1,0,0, -  1582208874407mS since epoch
0,0,1,0,0, -  1582208875448mS since epoch
0,0,1,0,0, -  1582208876491mS since epoch
0,0,1,0,0, -  1582208877537mS since epoch
0,0,1,0,0, -  1582208878588mS since epoch
0,0,1,0,0, -  1582208879629mS since epoch
0,0,1,0,0, -  1582208880673mS since epoch
0,0,1,0,0, -  1582208881716mS since epoch
0,0,1,0,0, -  1582208882760mS since epoch
0,0,1,0,0, -  1582208883799mS since epoch
0,0,1,0,0, -  1582208884841mS since epoch
0,0,1,0,0, -  1582208885882mS since epoch
0,0,1,0,0, -  1582208886928mS since epoch
0,0,1,0,0, -  1582208887968mS since epoch
0,0,1,0,0, -  1582208889012mS since epoch
0,0,1,0,0, -  1582208890052mS since epoch
0,0,1,0,0, -  1582208891095mS since epoch
0,0,1,0,0, -  1582208892142mS since epoch
0,0,1,0,0, -  1582208893185mS since epoch
0,0,1,0,0, -  1582208894230mS since epoch
0,0,1,0,0, -  1582208895271mS since epoch
0,0,1,0,0, -  1582208896309mS since epoch
0,0,1,0,0, -  1582208897353mS since epoch
0,0,1,0,0, -  1582208898397mS since epoch
0,0,1,0,0, -  1582208899433mS since epoch
0,0,1,0,0, -  1582208900472mS since epoch
0,0,1,0,0, -  1582208901521mS since epoch
0,0,1,0,0, -  1582208902563mS since epoch
0,0,1,0,0, -  1582208903611mS since epoch
0,0,1,0,0, -  1582208904654mS since epoch
0,0,1,0,0, -  1582208905689mS since epoch
0,0,1,0,0, -  1582208906738mS since epoch
0,0,1,0,0, -  1582208907778mS since epoch
0,0,1,0,0, -  1582208908821mS since epoch
0,0,1,0,0, -  1582208909867mS since epoch
0,0,1,0,0, -  1582208910911mS since epoch
0,0,1,0,0, -  1582208911944mS since epoch
0,0,1,0,0, -  1582208912983mS since epoch
0,0,1,0,0, -  1582208914034mS since epoch
0,0,1,0,0, -  1582208915089mS since epoch
0,0,1,0,0, -  1582208916131mS since epoch
0,0,1,0,0, -  1582208917174mS since epoch
0,0,1,0,0, -  1582208918212mS since epoch
0,0,1,0,0, -  1582208919257mS since epoch
0,0,1,0,0, -  1582208920294mS since epoch
0,0,1,0,0, -  1582208921333mS since epoch
0,0,1,0,0, -  1582208922377mS since epoch
0,0,1,0,0, -  1582208923425mS since epoch
0,0,1,0,0, -  1582208924466mS since epoch
0,0,1,0,0, -  1582208925500mS since epoch
0,0,1,0,0, -  1582208926542mS since epoch
0,0,1,0,0, -  1582208927589mS since epoch
0,0,1,0,0, -  1582208928654mS since epoch
0,0,1,0,0, -  1582208929697mS since epoch
0,0,1,0,0, -  1582208930745mS since epoch
0,0,1,0,0, -  1582208931785mS since epoch
0,0,1,0,0, -  1582208932833mS since epoch
0,0,1,0,0, -  1582208933875mS since epoch
0,0,1,0,0, -  1582208934920mS since epoch
0,0,1,0,0, -  1582208935965mS since epoch
0,0,1,0,0, -  1582208937009mS since epoch
0,0,1,0,0, -  1582208938054mS since epoch
0,0,1,0,0, -  1582208939106mS since epoch
0,0,1,0,0, -  1582208940149mS since epoch
0,0,1,0,0, -  1582208941194mS since epoch
0,0,1,0,0, -  1582208942241mS since epoch
0,0,1,0,0, -  1582208943282mS since epoch
0,0,1,0,0, -  1582208944325mS since epoch
0,0,1,0,0, -  1582208945361mS since epoch
0,0,1,0,0, -  1582208946399mS since epoch
0,0,1,0,0, -  1582208947444mS since epoch
0,0,1,0,0, -  1582208948481mS since epoch
0,0,1,0,0, -  1582208949521mS since epoch
0,0,1,0,0, -  1582208950570mS since epoch
0,0,1,0,0, -  1582208951622mS since epoch
0,0,1,0,0, -  1582208952665mS since epoch
0,0,1,0,0, -  1582208953710mS since epoch
0,0,1,0,0, -  1582208954756mS since epoch
0,0,1,0,0, -  1582208955799mS since epoch
0,0,1,0,0, -  1582208956840mS since epoch
0,0,1,0,0, -  1582208957877mS since epoch
0,0,1,0,0, -  1582208958920mS since epoch
0,0,1,0,0, -  1582208959959mS since epoch
0,0,1,0,0, -  1582208961017mS since epoch
0,0,1,0,0, -  1582208962056mS since epoch
0,0,1,0,0, -  1582208963106mS since epoch
0,0,1,0,0, -  1582208964148mS since epoch
0,0,1,0,0, -  1582208965203mS since epoch
0,0,1,0,0, -  1582208966242mS since epoch
0,0,1,0,0, -  1582208967292mS since epoch
0,0,1,0,0, -  1582208968330mS since epoch
0,0,1,0,0, -  1582208969377mS since epoch
0,0,1,0,0, -  1582208970409mS since epoch
0,0,1,0,0, -  1582208971448mS since epoch
0,0,1,0,0, -  1582208972494mS since epoch
0,0,1,0,0, -  1582208973535mS since epoch
0,0,1,0,0, -  1582208974583mS since epoch
0,0,1,0,0, -  1582208975624mS since epoch
0,0,1,0,0, -  1582208976670mS since epoch
0,0,1,0,0, -  1582208977716mS since epoch
0,0,1,0,0, -  1582208978759mS since epoch
0,0,1,0,0, -  1582208979806mS since epoch
0,0,1,0,0, -  1582208980846mS since epoch
0,0,1,0,0, -  1582208981890mS since epoch
0,0,1,0,0, -  1582208982936mS since epoch
0,0,1,0,0, -  1582208983976mS since epoch
0,0,1,0,0, -  1582208985023mS since epoch
0,0,1,0,0, -  1582208986075mS since epoch
0,0,1,0,0, -  1582208987125mS since epoch
0,0,1,0,0, -  1582208988176mS since epoch
0,0,1,0,0, -  1582208989220mS since epoch
0,0,1,0,0, -  1582208990261mS since epoch
0,0,1,0,0, -  1582208991308mS since epoch
0,0,1,0,0, -  1582208992345mS since epoch
0,0,1,0,0, -  1582208993387mS since epoch
0,0,1,0,0, -  1582208994430mS since epoch
0,0,1,0,0, -  1582208995488mS since epoch
0,0,1,0,0, -  1582208996529mS since epoch
0,0,1,0,0, -  1582208997574mS since epoch
0,0,1,0,0, -  1582208998616mS since epoch
0,0,1,0,0, -  1582208999661mS since epoch
0,0,1,0,0, -  1582209000702mS since epoch
0,0,1,0,0, -  1582209001747mS since epoch
0,0,1,0,0, -  1582209002794mS since epoch
0,0,1,0,0, -  1582209003835mS since epoch
0,0,1,0,0, -  1582209004879mS since epoch
0,0,1,0,0, -  1582209005923mS since epoch
0,0,1,0,0, -  1582209006967mS since epoch
0,0,1,0,0, -  1582209008016mS since epoch
0,0,1,0,0, -  1582209009062mS since epoch
0,0,1,0,0, -  1582209010100mS since epoch
0,0,1,0,0, -  1582209011145mS since epoch
0,0,1,0,0, -  1582209012187mS since epoch
0,0,1,0,0, -  1582209013234mS since epoch
0,0,1,0,0, -  1582209014272mS since epoch
0,0,1,0,0, -  1582209015318mS since epoch
0,0,1,0,0, -  1582209016368mS since epoch
0,0,1,0,0, -  1582209017412mS since epoch
0,0,1,0,0, -  1582209018454mS since epoch
0,0,1,0,0, -  1582209019511mS since epoch
0,0,1,0,0, -  1582209020553mS since epoch
0,0,1,0,0, -  1582209021601mS since epoch
0,0,1,0,0, -  1582209022649mS since epoch
0,0,1,0,0, -  1582209023685mS since epoch
0,0,1,0,0, -  1582209024729mS since epoch
0,0,1,0,0, -  1582209025771mS since epoch
0,0,1,0,0, -  1582209026804mS since epoch
0,0,1,0,0, -  1582209027844mS since epoch
0,0,1,0,0, -  1582209028892mS since epoch
0,0,1,0,0, -  1582209029926mS since epoch
0,0,1,0,0, -  1582209030970mS since epoch
0,0,1,0,0, -  1582209032013mS since epoch
0,0,1,0,0, -  1582209033057mS since epoch
0,0,1,0,0, -  1582209034100mS since epoch
0,0,1,0,0, -  1582209035142mS since epoch
0,0,1,0,0, -  1582209036189mS since epoch
0,0,1,0,0, -  1582209037230mS since epoch
0,0,1,0,0, -  1582209038276mS since epoch
0,0,1,0,0, -  1582209039321mS since epoch
0,0,1,0,0, -  1582209040356mS since epoch
0,0,1,0,0, -  1582209041395mS since epoch
0,0,1,0,0, -  1582209042441mS since epoch
0,0,1,0,0, -  1582209043485mS since epoch
0,0,1,0,0, -  1582209044524mS since epoch
0,0,1,0,0, -  1582209045563mS since epoch
0,0,1,0,0, -  1582209046602mS since epoch
0,0,1,0,0, -  1582209047644mS since epoch
0,0,1,0,0, -  1582209048690mS since epoch
0,0,1,0,0, -  1582209049739mS since epoch
0,0,1,0,0, -  1582209050778mS since epoch
0,0,1,0,0, -  1582209051827mS since epoch
0,0,1,0,0, -  1582209052876mS since epoch
0,0,1,0,0, -  1582209053915mS since epoch
0,0,1,0,0, -  1582209054955mS since epoch
0,0,1,0,0, -  1582209055997mS since epoch
0,0,1,0,0, -  1582209057040mS since epoch
0,0,1,0,0, -  1582209058081mS since epoch
0,0,1,0,0, -  1582209059122mS since epoch
0,0,1,0,0, -  1582209060166mS since epoch
0,0,1,0,0, -  1582209061212mS since epoch
0,0,1,0,0, -  1582209062258mS since epoch
0,0,1,0,0, -  1582209063306mS since epoch
0,0,1,0,0, -  1582209064349mS since epoch
0,0,1,0,0, -  1582209065384mS since epoch
0,0,1,0,0, -  1582209066426mS since epoch
0,0,1,0,0, -  1582209067467mS since epoch
0,0,1,0,0, -  1582209068506mS since epoch
0,0,1,0,0, -  1582209069556mS since epoch
0,0,1,0,0, -  1582209070594mS since epoch
0,0,1,0,0, -  1582209071644mS since epoch
0,0,1,0,0, -  1582209072695mS since epoch
0,0,1,0,0, -  1582209073745mS since epoch
0,0,1,0,0, -  1582209074790mS since epoch
0,0,1,0,0, -  1582209075829mS since epoch
0,0,1,0,0, -  1582209076869mS since epoch
0,0,1,0,0, -  1582209077921mS since epoch
0,0,1,0,0, -  1582209078978mS since epoch
0,0,1,0,0, -  1582209080026mS since epoch
0,0,1,0,0, -  1582209081071mS since epoch
0,0,1,0,0, -  1582209082111mS since epoch
0,0,1,0,0, -  1582209083154mS since epoch
0,0,1,0,0, -  1582209084198mS since epoch
0,0,1,0,0, -  1582209085234mS since epoch
0,0,1,0,0, -  1582209086282mS since epoch
0,0,1,0,0, -  1582209087320mS since epoch
0,0,1,0,0, -  1582209088361mS since epoch
0,0,1,0,0, -  1582209089409mS since epoch
0,0,1,0,0, -  1582209090460mS since epoch
0,0,1,0,0, -  1582209091499mS since epoch
0,0,1,0,0, -  1582209092544mS since epoch
0,0,1,0,0, -  1582209093581mS since epoch
0,0,1,0,0, -  1582209094621mS since epoch
0,0,1,0,0, -  1582209095669mS since epoch
0,0,1,0,0, -  1582209096709mS since epoch
0,0,1,0,0, -  1582209097749mS since epoch
0,0,1,0,0, -  1582209098790mS since epoch
0,0,1,0,0, -  1582209099838mS since epoch
0,0,1,0,0, -  1582209100887mS since epoch
0,0,1,0,0, -  1582209101935mS since epoch
0,0,1,0,0, -  1582209102982mS since epoch
0,0,1,0,0, -  1582209104025mS since epoch
0,0,1,0,0, -  1582209105070mS since epoch
0,0,1,0,0, -  1582209106112mS since epoch
0,0,1,0,0, -  1582209107156mS since epoch
0,0,1,0,0, -  1582209108204mS since epoch
0,0,1,0,0, -  1582209109243mS since epoch
0,0,1,0,0, -  1582209110277mS since epoch
0,0,1,0,0, -  1582209111320mS since epoch
0,0,1,0,0, -  1582209112365mS since epoch
0,0,1,0,0, -  1582209113405mS since epoch
0,0,1,0,0, -  1582209114445mS since epoch
0,0,1,0,0, -  1582209115484mS since epoch
0,0,1,0,0, -  1582209116528mS since epoch
0,0,1,0,0, -  1582209117569mS since epoch
0,0,1,0,0, -  1582209118605mS since epoch
0,0,1,0,0, -  1582209119645mS since epoch
0,0,1,0,0, -  1582209120689mS since epoch
0,0,1,0,0, -  1582209121733mS since epoch
0,0,1,0,0, -  1582209122787mS since epoch
0,0,1,0,0, -  1582209123827mS since epoch
0,0,1,0,0, -  1582209124866mS since epoch
0,0,1,0,0, -  1582209125906mS since epoch
0,0,1,0,0, -  1582209126941mS since epoch
0,0,1,0,0, -  1582209127985mS since epoch
0,0,1,0,0, -  1582209129023mS since epoch
0,0,1,0,0, -  1582209130078mS since epoch
0,0,1,0,0, -  1582209131120mS since epoch
0,0,1,0,0, -  1582209132169mS since epoch
0,0,1,0,0, -  1582209133214mS since epoch
0,0,1,0,0, -  1582209134263mS since epoch
0,0,1,0,0, -  1582209135302mS since epoch
0,0,1,0,0, -  1582209136341mS since epoch
0,0,1,0,0, -  1582209137383mS since epoch
0,0,1,0,0, -  1582209138431mS since epoch
0,0,1,0,0, -  1582209139471mS since epoch
0,0,1,0,0, -  1582209140519mS since epoch
0,0,1,0,0, -  1582209141561mS since epoch
0,0,1,0,0, -  1582209142603mS since epoch
0,0,1,0,0, -  1582209143650mS since epoch
0,0,1,0,0, -  1582209144689mS since epoch
0,0,1,0,0, -  1582209145729mS since epoch
0,0,1,0,0, -  1582209146772mS since epoch
0,0,1,0,0, -  1582209147814mS since epoch
0,0,1,0,0, -  1582209148859mS since epoch
0,0,1,0,0, -  1582209149902mS since epoch
0,0,1,0,0, -  1582209150944mS since epoch
0,0,1,0,0, -  1582209151992mS since epoch
0,0,1,0,0, -  1582209153035mS since epoch
0,0,1,0,0, -  1582209154075mS since epoch
0,0,1,0,0, -  1582209155124mS since epoch
0,0,1,0,0, -  1582209156172mS since epoch
0,0,0,0,0, -  1582209157211mS since epoch
0,0,0,0,0, -  1582209158255mS since epoch
0,0,0,0,0, -  1582209159300mS since epoch
0,0,0,0,0, -  1582209160341mS since epoch
0,0,0,0,0, -  1582209161386mS since epoch
0,0,0,0,0, -  1582209162425mS since epoch
0,0,0,0,0, -  1582209163471mS since epoch
0,0,0,0,0, -  1582209164508mS since epoch
0,0,0,0,0, -  1582209165553mS since epoch
0,0,0,0,0, -  1582209166601mS since epoch
0,0,0,0,0, -  1582209167650mS since epoch
0,0,0,0,0, -  1582209168697mS since epoch
0,0,0,0,0, -  1582209169750mS since epoch
0,0,0,0,0, -  1582209170793mS since epoch
0,0,0,0,0, -  1582209171845mS since epoch
0,0,0,0,0, -  1582209172882mS since epoch
0,0,0,0,0, -  1582209173924mS since epoch
